{"C:\\Users\\ryanl\\ai\\elevenlabs-screenplay-formatter\\hooks\\useScriptParser.ts": {"path":"C:\\Users\\ryanl\\ai\\elevenlabs-screenplay-formatter\\hooks\\useScriptParser.ts","statementMap":{"0":{"start":{"line":9,"column":22},"end":{"line":19,"column":null}},"1":{"start":{"line":12,"column":4},"end":{"line":18,"column":null}},"2":{"start":{"line":21,"column":31},"end":{"line":212,"column":null}},"3":{"start":{"line":22,"column":4},"end":{"line":211,"column":null}},"4":{"start":{"line":23,"column":8},"end":{"line":25,"column":null}},"5":{"start":{"line":24,"column":12},"end":{"line":24,"column":null}},"6":{"start":{"line":27,"column":22},"end":{"line":27,"column":null}},"7":{"start":{"line":28,"column":40},"end":{"line":28,"column":null}},"8":{"start":{"line":29,"column":54},"end":{"line":29,"column":null}},"9":{"start":{"line":30,"column":36},"end":{"line":30,"column":null}},"10":{"start":{"line":32,"column":54},"end":{"line":32,"column":null}},"11":{"start":{"line":33,"column":40},"end":{"line":33,"column":null}},"12":{"start":{"line":36,"column":32},"end":{"line":36,"column":null}},"13":{"start":{"line":39,"column":34},"end":{"line":39,"column":null}},"14":{"start":{"line":40,"column":38},"end":{"line":40,"column":null}},"15":{"start":{"line":41,"column":35},"end":{"line":41,"column":null}},"16":{"start":{"line":42,"column":32},"end":{"line":42,"column":null}},"17":{"start":{"line":44,"column":30},"end":{"line":60,"column":null}},"18":{"start":{"line":45,"column":30},"end":{"line":45,"column":null}},"19":{"start":{"line":47,"column":24},"end":{"line":47,"column":null}},"20":{"start":{"line":47,"column":52},"end":{"line":47,"column":76}},"21":{"start":{"line":48,"column":12},"end":{"line":48,"column":null}},"22":{"start":{"line":48,"column":23},"end":{"line":48,"column":null}},"23":{"start":{"line":51,"column":12},"end":{"line":51,"column":null}},"24":{"start":{"line":51,"column":48},"end":{"line":51,"column":87}},"25":{"start":{"line":52,"column":12},"end":{"line":52,"column":null}},"26":{"start":{"line":52,"column":23},"end":{"line":52,"column":null}},"27":{"start":{"line":55,"column":37},"end":{"line":55,"column":null}},"28":{"start":{"line":56,"column":12},"end":{"line":56,"column":null}},"29":{"start":{"line":56,"column":48},"end":{"line":56,"column":112}},"30":{"start":{"line":57,"column":12},"end":{"line":57,"column":null}},"31":{"start":{"line":57,"column":23},"end":{"line":57,"column":null}},"32":{"start":{"line":59,"column":12},"end":{"line":59,"column":null}},"33":{"start":{"line":62,"column":30},"end":{"line":79,"column":null}},"34":{"start":{"line":63,"column":12},"end":{"line":77,"column":null}},"35":{"start":{"line":64,"column":37},"end":{"line":64,"column":null}},"36":{"start":{"line":65,"column":27},"end":{"line":65,"column":null}},"37":{"start":{"line":68,"column":37},"end":{"line":68,"column":null}},"38":{"start":{"line":69,"column":16},"end":{"line":72,"column":null}},"39":{"start":{"line":70,"column":20},"end":{"line":70,"column":null}},"40":{"start":{"line":71,"column":20},"end":{"line":71,"column":null}},"41":{"start":{"line":74,"column":16},"end":{"line":76,"column":null}},"42":{"start":{"line":75,"column":20},"end":{"line":75,"column":null}},"43":{"start":{"line":78,"column":12},"end":{"line":78,"column":null}},"44":{"start":{"line":81,"column":36},"end":{"line":153,"column":null}},"45":{"start":{"line":83,"column":12},"end":{"line":87,"column":null}},"46":{"start":{"line":84,"column":16},"end":{"line":84,"column":null}},"47":{"start":{"line":85,"column":16},"end":{"line":85,"column":null}},"48":{"start":{"line":86,"column":16},"end":{"line":86,"column":null}},"49":{"start":{"line":89,"column":12},"end":{"line":93,"column":null}},"50":{"start":{"line":90,"column":16},"end":{"line":90,"column":null}},"51":{"start":{"line":91,"column":16},"end":{"line":91,"column":null}},"52":{"start":{"line":92,"column":16},"end":{"line":92,"column":null}},"53":{"start":{"line":96,"column":12},"end":{"line":101,"column":null}},"54":{"start":{"line":97,"column":16},"end":{"line":99,"column":null}},"55":{"start":{"line":98,"column":20},"end":{"line":98,"column":null}},"56":{"start":{"line":100,"column":16},"end":{"line":100,"column":null}},"57":{"start":{"line":103,"column":34},"end":{"line":103,"column":null}},"58":{"start":{"line":104,"column":12},"end":{"line":133,"column":null}},"59":{"start":{"line":105,"column":47},"end":{"line":105,"column":null}},"60":{"start":{"line":106,"column":37},"end":{"line":106,"column":null}},"61":{"start":{"line":107,"column":39},"end":{"line":107,"column":null}},"62":{"start":{"line":109,"column":16},"end":{"line":132,"column":null}},"63":{"start":{"line":110,"column":20},"end":{"line":110,"column":null}},"64":{"start":{"line":112,"column":20},"end":{"line":117,"column":null}},"65":{"start":{"line":113,"column":45},"end":{"line":113,"column":null}},"66":{"start":{"line":114,"column":24},"end":{"line":116,"column":null}},"67":{"start":{"line":115,"column":28},"end":{"line":115,"column":null}},"68":{"start":{"line":118,"column":20},"end":{"line":118,"column":null}},"69":{"start":{"line":119,"column":20},"end":{"line":119,"column":null}},"70":{"start":{"line":120,"column":16},"end":{"line":132,"column":null}},"71":{"start":{"line":122,"column":20},"end":{"line":122,"column":null}},"72":{"start":{"line":123,"column":20},"end":{"line":123,"column":null}},"73":{"start":{"line":124,"column":20},"end":{"line":129,"column":null}},"74":{"start":{"line":125,"column":45},"end":{"line":125,"column":null}},"75":{"start":{"line":126,"column":24},"end":{"line":128,"column":null}},"76":{"start":{"line":127,"column":28},"end":{"line":127,"column":null}},"77":{"start":{"line":130,"column":20},"end":{"line":130,"column":null}},"78":{"start":{"line":131,"column":20},"end":{"line":131,"column":null}},"79":{"start":{"line":136,"column":47},"end":{"line":136,"column":null}},"80":{"start":{"line":137,"column":12},"end":{"line":152,"column":null}},"81":{"start":{"line":138,"column":17},"end":{"line":138,"column":null}},"82":{"start":{"line":139,"column":17},"end":{"line":139,"column":null}},"83":{"start":{"line":140,"column":12},"end":{"line":152,"column":null}},"84":{"start":{"line":142,"column":16},"end":{"line":142,"column":null}},"85":{"start":{"line":143,"column":16},"end":{"line":143,"column":null}},"86":{"start":{"line":144,"column":16},"end":{"line":144,"column":null}},"87":{"start":{"line":145,"column":12},"end":{"line":152,"column":null}},"88":{"start":{"line":147,"column":16},"end":{"line":147,"column":null}},"89":{"start":{"line":150,"column":16},"end":{"line":150,"column":null}},"90":{"start":{"line":151,"column":16},"end":{"line":151,"column":null}},"91":{"start":{"line":155,"column":8},"end":{"line":202,"column":null}},"92":{"start":{"line":156,"column":32},"end":{"line":156,"column":null}},"93":{"start":{"line":158,"column":12},"end":{"line":169,"column":null}},"94":{"start":{"line":159,"column":16},"end":{"line":162,"column":null}},"95":{"start":{"line":160,"column":20},"end":{"line":160,"column":null}},"96":{"start":{"line":161,"column":20},"end":{"line":161,"column":null}},"97":{"start":{"line":163,"column":16},"end":{"line":168,"column":null}},"98":{"start":{"line":164,"column":20},"end":{"line":164,"column":null}},"99":{"start":{"line":167,"column":20},"end":{"line":167,"column":null}},"100":{"start":{"line":171,"column":12},"end":{"line":197,"column":null}},"101":{"start":{"line":172,"column":16},"end":{"line":196,"column":null}},"102":{"start":{"line":173,"column":41},"end":{"line":173,"column":null}},"103":{"start":{"line":176,"column":20},"end":{"line":178,"column":null}},"104":{"start":{"line":177,"column":24},"end":{"line":177,"column":null}},"105":{"start":{"line":180,"column":43},"end":{"line":180,"column":null}},"106":{"start":{"line":181,"column":26},"end":{"line":181,"column":null}},"107":{"start":{"line":182,"column":20},"end":{"line":188,"column":null}},"108":{"start":{"line":183,"column":24},"end":{"line":186,"column":null}},"109":{"start":{"line":187,"column":24},"end":{"line":187,"column":null}},"110":{"start":{"line":189,"column":20},"end":{"line":189,"column":null}},"111":{"start":{"line":190,"column":16},"end":{"line":196,"column":null}},"112":{"start":{"line":192,"column":20},"end":{"line":192,"column":null}},"113":{"start":{"line":195,"column":20},"end":{"line":195,"column":null}},"114":{"start":{"line":199,"column":12},"end":{"line":201,"column":null}},"115":{"start":{"line":200,"column":16},"end":{"line":200,"column":null}},"116":{"start":{"line":204,"column":8},"end":{"line":204,"column":null}},"117":{"start":{"line":207,"column":30},"end":{"line":207,"column":null}},"118":{"start":{"line":207,"column":80},"end":{"line":207,"column":90}},"119":{"start":{"line":208,"column":31},"end":{"line":208,"column":null}},"120":{"start":{"line":210,"column":8},"end":{"line":210,"column":null}}},"fnMap":{"0":{"name":"(anonymous_0)","decl":{"start":{"line":9,"column":22},"end":{"line":9,"column":23}},"loc":{"start":{"line":9,"column":40},"end":{"line":19,"column":null}},"line":9},"1":{"name":"(anonymous_1)","decl":{"start":{"line":21,"column":31},"end":{"line":21,"column":32}},"loc":{"start":{"line":21,"column":114},"end":{"line":212,"column":null}},"line":21},"2":{"name":"(anonymous_2)","decl":{"start":{"line":22,"column":19},"end":{"line":22,"column":25}},"loc":{"start":{"line":22,"column":25},"end":{"line":211,"column":7}},"line":22},"3":{"name":"(anonymous_3)","decl":{"start":{"line":44,"column":30},"end":{"line":44,"column":31}},"loc":{"start":{"line":44,"column":78},"end":{"line":60,"column":null}},"line":44},"4":{"name":"(anonymous_4)","decl":{"start":{"line":47,"column":47},"end":{"line":47,"column":52}},"loc":{"start":{"line":47,"column":52},"end":{"line":47,"column":76}},"line":47},"5":{"name":"(anonymous_5)","decl":{"start":{"line":51,"column":43},"end":{"line":51,"column":48}},"loc":{"start":{"line":51,"column":48},"end":{"line":51,"column":87}},"line":51},"6":{"name":"(anonymous_6)","decl":{"start":{"line":56,"column":43},"end":{"line":56,"column":48}},"loc":{"start":{"line":56,"column":48},"end":{"line":56,"column":112}},"line":56},"7":{"name":"(anonymous_7)","decl":{"start":{"line":62,"column":30},"end":{"line":62,"column":36}},"loc":{"start":{"line":62,"column":36},"end":{"line":79,"column":null}},"line":62},"8":{"name":"(anonymous_8)","decl":{"start":{"line":81,"column":36},"end":{"line":81,"column":37}},"loc":{"start":{"line":81,"column":61},"end":{"line":153,"column":null}},"line":81},"9":{"name":"(anonymous_9)","decl":{"start":{"line":207,"column":75},"end":{"line":207,"column":80}},"loc":{"start":{"line":207,"column":80},"end":{"line":207,"column":90}},"line":207}},"branchMap":{"0":{"loc":{"start":{"line":23,"column":8},"end":{"line":25,"column":null}},"type":"if","locations":[{"start":{"line":23,"column":8},"end":{"line":25,"column":null}},{"start":{},"end":{}}],"line":23},"1":{"loc":{"start":{"line":48,"column":12},"end":{"line":48,"column":null}},"type":"if","locations":[{"start":{"line":48,"column":12},"end":{"line":48,"column":null}},{"start":{},"end":{}}],"line":48},"2":{"loc":{"start":{"line":52,"column":12},"end":{"line":52,"column":null}},"type":"if","locations":[{"start":{"line":52,"column":12},"end":{"line":52,"column":null}},{"start":{},"end":{}}],"line":52},"3":{"loc":{"start":{"line":57,"column":12},"end":{"line":57,"column":null}},"type":"if","locations":[{"start":{"line":57,"column":12},"end":{"line":57,"column":null}},{"start":{},"end":{}}],"line":57},"4":{"loc":{"start":{"line":63,"column":12},"end":{"line":77,"column":null}},"type":"if","locations":[{"start":{"line":63,"column":12},"end":{"line":77,"column":null}},{"start":{},"end":{}}],"line":63},"5":{"loc":{"start":{"line":63,"column":16},"end":{"line":63,"column":72}},"type":"binary-expr","locations":[{"start":{"line":63,"column":16},"end":{"line":63,"column":44}},{"start":{"line":63,"column":44},"end":{"line":63,"column":72}}],"line":63},"6":{"loc":{"start":{"line":69,"column":16},"end":{"line":72,"column":null}},"type":"if","locations":[{"start":{"line":69,"column":16},"end":{"line":72,"column":null}},{"start":{},"end":{}}],"line":69},"7":{"loc":{"start":{"line":74,"column":16},"end":{"line":76,"column":null}},"type":"if","locations":[{"start":{"line":74,"column":16},"end":{"line":76,"column":null}},{"start":{},"end":{}}],"line":74},"8":{"loc":{"start":{"line":83,"column":12},"end":{"line":87,"column":null}},"type":"if","locations":[{"start":{"line":83,"column":12},"end":{"line":87,"column":null}},{"start":{},"end":{}}],"line":83},"9":{"loc":{"start":{"line":89,"column":12},"end":{"line":93,"column":null}},"type":"if","locations":[{"start":{"line":89,"column":12},"end":{"line":93,"column":null}},{"start":{},"end":{}}],"line":89},"10":{"loc":{"start":{"line":89,"column":16},"end":{"line":89,"column":90}},"type":"binary-expr","locations":[{"start":{"line":89,"column":16},"end":{"line":89,"column":55}},{"start":{"line":89,"column":55},"end":{"line":89,"column":90}}],"line":89},"11":{"loc":{"start":{"line":96,"column":12},"end":{"line":101,"column":null}},"type":"if","locations":[{"start":{"line":96,"column":12},"end":{"line":101,"column":null}},{"start":{},"end":{}}],"line":96},"12":{"loc":{"start":{"line":96,"column":16},"end":{"line":96,"column":74}},"type":"binary-expr","locations":[{"start":{"line":96,"column":16},"end":{"line":96,"column":47}},{"start":{"line":96,"column":47},"end":{"line":96,"column":74}}],"line":96},"13":{"loc":{"start":{"line":97,"column":16},"end":{"line":99,"column":null}},"type":"if","locations":[{"start":{"line":97,"column":16},"end":{"line":99,"column":null}},{"start":{},"end":{}}],"line":97},"14":{"loc":{"start":{"line":104,"column":12},"end":{"line":133,"column":null}},"type":"if","locations":[{"start":{"line":104,"column":12},"end":{"line":133,"column":null}},{"start":{},"end":{}}],"line":104},"15":{"loc":{"start":{"line":109,"column":16},"end":{"line":132,"column":null}},"type":"if","locations":[{"start":{"line":109,"column":16},"end":{"line":132,"column":null}},{"start":{"line":120,"column":16},"end":{"line":132,"column":null}}],"line":109},"16":{"loc":{"start":{"line":112,"column":20},"end":{"line":117,"column":null}},"type":"if","locations":[{"start":{"line":112,"column":20},"end":{"line":117,"column":null}},{"start":{},"end":{}}],"line":112},"17":{"loc":{"start":{"line":114,"column":24},"end":{"line":116,"column":null}},"type":"if","locations":[{"start":{"line":114,"column":24},"end":{"line":116,"column":null}},{"start":{},"end":{}}],"line":114},"18":{"loc":{"start":{"line":120,"column":16},"end":{"line":132,"column":null}},"type":"if","locations":[{"start":{"line":120,"column":16},"end":{"line":132,"column":null}},{"start":{},"end":{}}],"line":120},"19":{"loc":{"start":{"line":124,"column":20},"end":{"line":129,"column":null}},"type":"if","locations":[{"start":{"line":124,"column":20},"end":{"line":129,"column":null}},{"start":{},"end":{}}],"line":124},"20":{"loc":{"start":{"line":126,"column":24},"end":{"line":128,"column":null}},"type":"if","locations":[{"start":{"line":126,"column":24},"end":{"line":128,"column":null}},{"start":{},"end":{}}],"line":126},"21":{"loc":{"start":{"line":137,"column":12},"end":{"line":152,"column":null}},"type":"if","locations":[{"start":{"line":137,"column":12},"end":{"line":152,"column":null}},{"start":{"line":140,"column":12},"end":{"line":152,"column":null}}],"line":137},"22":{"loc":{"start":{"line":140,"column":12},"end":{"line":152,"column":null}},"type":"if","locations":[{"start":{"line":140,"column":12},"end":{"line":152,"column":null}},{"start":{"line":145,"column":12},"end":{"line":152,"column":null}}],"line":140},"23":{"loc":{"start":{"line":140,"column":23},"end":{"line":140,"column":106}},"type":"binary-expr","locations":[{"start":{"line":140,"column":23},"end":{"line":140,"column":63}},{"start":{"line":140,"column":63},"end":{"line":140,"column":106}}],"line":140},"24":{"loc":{"start":{"line":145,"column":12},"end":{"line":152,"column":null}},"type":"if","locations":[{"start":{"line":145,"column":12},"end":{"line":152,"column":null}},{"start":{"line":148,"column":19},"end":{"line":152,"column":null}}],"line":145},"25":{"loc":{"start":{"line":158,"column":12},"end":{"line":169,"column":null}},"type":"if","locations":[{"start":{"line":158,"column":12},"end":{"line":169,"column":null}},{"start":{},"end":{}}],"line":158},"26":{"loc":{"start":{"line":159,"column":16},"end":{"line":162,"column":null}},"type":"if","locations":[{"start":{"line":159,"column":16},"end":{"line":162,"column":null}},{"start":{},"end":{}}],"line":159},"27":{"loc":{"start":{"line":163,"column":16},"end":{"line":168,"column":null}},"type":"if","locations":[{"start":{"line":163,"column":16},"end":{"line":168,"column":null}},{"start":{"line":166,"column":23},"end":{"line":168,"column":null}}],"line":163},"28":{"loc":{"start":{"line":163,"column":20},"end":{"line":163,"column":177}},"type":"binary-expr","locations":[{"start":{"line":163,"column":20},"end":{"line":163,"column":59}},{"start":{"line":163,"column":59},"end":{"line":163,"column":102}},{"start":{"line":163,"column":102},"end":{"line":163,"column":142}},{"start":{"line":163,"column":142},"end":{"line":163,"column":177}}],"line":163},"29":{"loc":{"start":{"line":171,"column":12},"end":{"line":197,"column":null}},"type":"if","locations":[{"start":{"line":171,"column":12},"end":{"line":197,"column":null}},{"start":{},"end":{}}],"line":171},"30":{"loc":{"start":{"line":172,"column":16},"end":{"line":196,"column":null}},"type":"if","locations":[{"start":{"line":172,"column":16},"end":{"line":196,"column":null}},{"start":{"line":190,"column":16},"end":{"line":196,"column":null}}],"line":172},"31":{"loc":{"start":{"line":176,"column":20},"end":{"line":178,"column":null}},"type":"if","locations":[{"start":{"line":176,"column":20},"end":{"line":178,"column":null}},{"start":{},"end":{}}],"line":176},"32":{"loc":{"start":{"line":181,"column":38},"end":{"line":181,"column":120}},"type":"cond-expr","locations":[{"start":{"line":181,"column":62},"end":{"line":181,"column":106}},{"start":{"line":181,"column":106},"end":{"line":181,"column":120}}],"line":181},"33":{"loc":{"start":{"line":182,"column":20},"end":{"line":188,"column":null}},"type":"if","locations":[{"start":{"line":182,"column":20},"end":{"line":188,"column":null}},{"start":{},"end":{}}],"line":182},"34":{"loc":{"start":{"line":190,"column":16},"end":{"line":196,"column":null}},"type":"if","locations":[{"start":{"line":190,"column":16},"end":{"line":196,"column":null}},{"start":{"line":194,"column":23},"end":{"line":196,"column":null}}],"line":190},"35":{"loc":{"start":{"line":190,"column":27},"end":{"line":190,"column":79}},"type":"binary-expr","locations":[{"start":{"line":190,"column":27},"end":{"line":190,"column":49}},{"start":{"line":190,"column":49},"end":{"line":190,"column":79}}],"line":190},"36":{"loc":{"start":{"line":199,"column":12},"end":{"line":201,"column":null}},"type":"if","locations":[{"start":{"line":199,"column":12},"end":{"line":201,"column":null}},{"start":{},"end":{}}],"line":199}},"s":{"0":1,"1":7,"2":1,"3":7,"4":7,"5":1,"6":6,"7":6,"8":6,"9":6,"10":6,"11":6,"12":6,"13":6,"14":6,"15":6,"16":6,"17":6,"18":14,"19":14,"20":15,"21":14,"22":5,"23":9,"24":9,"25":9,"26":1,"27":8,"28":8,"29":8,"30":8,"31":0,"32":8,"33":6,"34":32,"35":6,"36":6,"37":6,"38":6,"39":2,"40":2,"41":6,"42":6,"43":32,"44":6,"45":34,"46":13,"47":13,"48":13,"49":21,"50":6,"51":6,"52":6,"53":15,"54":1,"55":1,"56":1,"57":14,"58":14,"59":1,"60":1,"61":1,"62":1,"63":1,"64":1,"65":1,"66":1,"67":1,"68":1,"69":1,"70":0,"71":0,"72":0,"73":0,"74":0,"75":0,"76":0,"77":0,"78":0,"79":13,"80":13,"81":5,"82":5,"83":8,"84":1,"85":1,"86":1,"87":7,"88":7,"89":0,"90":0,"91":6,"92":50,"93":50,"94":6,"95":5,"96":5,"97":1,"98":1,"99":0,"100":45,"101":16,"102":6,"103":6,"104":0,"105":6,"106":6,"107":6,"108":6,"109":6,"110":6,"111":10,"112":5,"113":5,"114":34,"115":34,"116":6,"117":6,"118":6,"119":6,"120":6},"f":{"0":7,"1":7,"2":7,"3":14,"4":15,"5":9,"6":8,"7":32,"8":34,"9":6},"b":{"0":[1,6],"1":[5,9],"2":[1,8],"3":[0,8],"4":[6,26],"5":[32,7],"6":[2,4],"7":[6,0],"8":[13,21],"9":[6,15],"10":[21,15],"11":[1,14],"12":[15,1],"13":[1,0],"14":[1,13],"15":[1,0],"16":[1,0],"17":[1,0],"18":[0,0],"19":[0,0],"20":[0,0],"21":[5,8],"22":[1,7],"23":[8,1],"24":[7,0],"25":[6,44],"26":[5,1],"27":[1,0],"28":[1,0,0,0],"29":[16,29],"30":[6,10],"31":[0,6],"32":[0,6],"33":[6,0],"34":[5,5],"35":[10,5],"36":[34,0]},"meta":{"lastBranch":37,"lastFunction":10,"lastStatement":121,"seen":{"s:9:22:19:Infinity":0,"f:9:22:9:23":0,"s:12:4:18:Infinity":1,"s:21:31:212:Infinity":2,"f:21:31:21:32":1,"s:22:4:211:Infinity":3,"f:22:19:22:25":2,"b:23:8:25:Infinity:undefined:undefined:undefined:undefined":0,"s:23:8:25:Infinity":4,"s:24:12:24:Infinity":5,"s:27:22:27:Infinity":6,"s:28:40:28:Infinity":7,"s:29:54:29:Infinity":8,"s:30:36:30:Infinity":9,"s:32:54:32:Infinity":10,"s:33:40:33:Infinity":11,"s:36:32:36:Infinity":12,"s:39:34:39:Infinity":13,"s:40:38:40:Infinity":14,"s:41:35:41:Infinity":15,"s:42:32:42:Infinity":16,"s:44:30:60:Infinity":17,"f:44:30:44:31":3,"s:45:30:45:Infinity":18,"s:47:24:47:Infinity":19,"f:47:47:47:52":4,"s:47:52:47:76":20,"b:48:12:48:Infinity:undefined:undefined:undefined:undefined":1,"s:48:12:48:Infinity":21,"s:48:23:48:Infinity":22,"s:51:12:51:Infinity":23,"f:51:43:51:48":5,"s:51:48:51:87":24,"b:52:12:52:Infinity:undefined:undefined:undefined:undefined":2,"s:52:12:52:Infinity":25,"s:52:23:52:Infinity":26,"s:55:37:55:Infinity":27,"s:56:12:56:Infinity":28,"f:56:43:56:48":6,"s:56:48:56:112":29,"b:57:12:57:Infinity:undefined:undefined:undefined:undefined":3,"s:57:12:57:Infinity":30,"s:57:23:57:Infinity":31,"s:59:12:59:Infinity":32,"s:62:30:79:Infinity":33,"f:62:30:62:36":7,"b:63:12:77:Infinity:undefined:undefined:undefined:undefined":4,"s:63:12:77:Infinity":34,"b:63:16:63:44:63:44:63:72":5,"s:64:37:64:Infinity":35,"s:65:27:65:Infinity":36,"s:68:37:68:Infinity":37,"b:69:16:72:Infinity:undefined:undefined:undefined:undefined":6,"s:69:16:72:Infinity":38,"s:70:20:70:Infinity":39,"s:71:20:71:Infinity":40,"b:74:16:76:Infinity:undefined:undefined:undefined:undefined":7,"s:74:16:76:Infinity":41,"s:75:20:75:Infinity":42,"s:78:12:78:Infinity":43,"s:81:36:153:Infinity":44,"f:81:36:81:37":8,"b:83:12:87:Infinity:undefined:undefined:undefined:undefined":8,"s:83:12:87:Infinity":45,"s:84:16:84:Infinity":46,"s:85:16:85:Infinity":47,"s:86:16:86:Infinity":48,"b:89:12:93:Infinity:undefined:undefined:undefined:undefined":9,"s:89:12:93:Infinity":49,"b:89:16:89:55:89:55:89:90":10,"s:90:16:90:Infinity":50,"s:91:16:91:Infinity":51,"s:92:16:92:Infinity":52,"b:96:12:101:Infinity:undefined:undefined:undefined:undefined":11,"s:96:12:101:Infinity":53,"b:96:16:96:47:96:47:96:74":12,"b:97:16:99:Infinity:undefined:undefined:undefined:undefined":13,"s:97:16:99:Infinity":54,"s:98:20:98:Infinity":55,"s:100:16:100:Infinity":56,"s:103:34:103:Infinity":57,"b:104:12:133:Infinity:undefined:undefined:undefined:undefined":14,"s:104:12:133:Infinity":58,"s:105:47:105:Infinity":59,"s:106:37:106:Infinity":60,"s:107:39:107:Infinity":61,"b:109:16:132:Infinity:120:16:132:Infinity":15,"s:109:16:132:Infinity":62,"s:110:20:110:Infinity":63,"b:112:20:117:Infinity:undefined:undefined:undefined:undefined":16,"s:112:20:117:Infinity":64,"s:113:45:113:Infinity":65,"b:114:24:116:Infinity:undefined:undefined:undefined:undefined":17,"s:114:24:116:Infinity":66,"s:115:28:115:Infinity":67,"s:118:20:118:Infinity":68,"s:119:20:119:Infinity":69,"b:120:16:132:Infinity:undefined:undefined:undefined:undefined":18,"s:120:16:132:Infinity":70,"s:122:20:122:Infinity":71,"s:123:20:123:Infinity":72,"b:124:20:129:Infinity:undefined:undefined:undefined:undefined":19,"s:124:20:129:Infinity":73,"s:125:45:125:Infinity":74,"b:126:24:128:Infinity:undefined:undefined:undefined:undefined":20,"s:126:24:128:Infinity":75,"s:127:28:127:Infinity":76,"s:130:20:130:Infinity":77,"s:131:20:131:Infinity":78,"s:136:47:136:Infinity":79,"b:137:12:152:Infinity:140:12:152:Infinity":21,"s:137:12:152:Infinity":80,"s:138:17:138:Infinity":81,"s:139:17:139:Infinity":82,"b:140:12:152:Infinity:145:12:152:Infinity":22,"s:140:12:152:Infinity":83,"b:140:23:140:63:140:63:140:106":23,"s:142:16:142:Infinity":84,"s:143:16:143:Infinity":85,"s:144:16:144:Infinity":86,"b:145:12:152:Infinity:148:19:152:Infinity":24,"s:145:12:152:Infinity":87,"s:147:16:147:Infinity":88,"s:150:16:150:Infinity":89,"s:151:16:151:Infinity":90,"s:155:8:202:Infinity":91,"s:156:32:156:Infinity":92,"b:158:12:169:Infinity:undefined:undefined:undefined:undefined":25,"s:158:12:169:Infinity":93,"b:159:16:162:Infinity:undefined:undefined:undefined:undefined":26,"s:159:16:162:Infinity":94,"s:160:20:160:Infinity":95,"s:161:20:161:Infinity":96,"b:163:16:168:Infinity:166:23:168:Infinity":27,"s:163:16:168:Infinity":97,"b:163:20:163:59:163:59:163:102:163:102:163:142:163:142:163:177":28,"s:164:20:164:Infinity":98,"s:167:20:167:Infinity":99,"b:171:12:197:Infinity:undefined:undefined:undefined:undefined":29,"s:171:12:197:Infinity":100,"b:172:16:196:Infinity:190:16:196:Infinity":30,"s:172:16:196:Infinity":101,"s:173:41:173:Infinity":102,"b:176:20:178:Infinity:undefined:undefined:undefined:undefined":31,"s:176:20:178:Infinity":103,"s:177:24:177:Infinity":104,"s:180:43:180:Infinity":105,"s:181:26:181:Infinity":106,"b:181:62:181:106:181:106:181:120":32,"b:182:20:188:Infinity:undefined:undefined:undefined:undefined":33,"s:182:20:188:Infinity":107,"s:183:24:186:Infinity":108,"s:187:24:187:Infinity":109,"s:189:20:189:Infinity":110,"b:190:16:196:Infinity:194:23:196:Infinity":34,"s:190:16:196:Infinity":111,"b:190:27:190:49:190:49:190:79":35,"s:192:20:192:Infinity":112,"s:195:20:195:Infinity":113,"b:199:12:201:Infinity:undefined:undefined:undefined:undefined":36,"s:199:12:201:Infinity":114,"s:200:16:200:Infinity":115,"s:204:8:204:Infinity":116,"s:207:30:207:Infinity":117,"f:207:75:207:80":9,"s:207:80:207:90":118,"s:208:31:208:Infinity":119,"s:210:8:210:Infinity":120}}}
,"C:\\Users\\ryanl\\ai\\elevenlabs-screenplay-formatter\\utils\\elevenLabsApi.ts": {"path":"C:\\Users\\ryanl\\ai\\elevenlabs-screenplay-formatter\\utils\\elevenLabsApi.ts","statementMap":{"0":{"start":{"line":21,"column":32},"end":{"line":21,"column":null}},"1":{"start":{"line":23,"column":2},"end":{"line":59,"column":null}},"2":{"start":{"line":23,"column":21},"end":{"line":23,"column":24}},"3":{"start":{"line":24,"column":4},"end":{"line":58,"column":null}},"4":{"start":{"line":25,"column":23},"end":{"line":25,"column":null}},"5":{"start":{"line":28,"column":6},"end":{"line":30,"column":null}},"6":{"start":{"line":29,"column":8},"end":{"line":29,"column":null}},"7":{"start":{"line":33,"column":6},"end":{"line":40,"column":null}},"8":{"start":{"line":34,"column":8},"end":{"line":39,"column":null}},"9":{"start":{"line":35,"column":24},"end":{"line":35,"column":null}},"10":{"start":{"line":36,"column":10},"end":{"line":36,"column":null}},"11":{"start":{"line":37,"column":10},"end":{"line":37,"column":null}},"12":{"start":{"line":37,"column":39},"end":{"line":37,"column":65}},"13":{"start":{"line":38,"column":10},"end":{"line":38,"column":null}},"14":{"start":{"line":42,"column":6},"end":{"line":42,"column":null}},"15":{"start":{"line":44,"column":6},"end":{"line":44,"column":null}},"16":{"start":{"line":47,"column":6},"end":{"line":49,"column":null}},"17":{"start":{"line":48,"column":8},"end":{"line":48,"column":null}},"18":{"start":{"line":52,"column":6},"end":{"line":57,"column":null}},"19":{"start":{"line":53,"column":22},"end":{"line":53,"column":null}},"20":{"start":{"line":54,"column":8},"end":{"line":54,"column":null}},"21":{"start":{"line":55,"column":8},"end":{"line":55,"column":null}},"22":{"start":{"line":55,"column":37},"end":{"line":55,"column":63}},"23":{"start":{"line":56,"column":8},"end":{"line":56,"column":null}},"24":{"start":{"line":61,"column":2},"end":{"line":61,"column":null}},"25":{"start":{"line":78,"column":33},"end":{"line":141,"column":null}},"26":{"start":{"line":89,"column":14},"end":{"line":89,"column":null}},"27":{"start":{"line":91,"column":2},"end":{"line":99,"column":null}},"28":{"start":{"line":92,"column":4},"end":{"line":98,"column":null}},"29":{"start":{"line":101,"column":19},"end":{"line":120,"column":null}},"30":{"start":{"line":122,"column":2},"end":{"line":125,"column":null}},"31":{"start":{"line":123,"column":22},"end":{"line":123,"column":null}},"32":{"start":{"line":124,"column":4},"end":{"line":124,"column":null}},"33":{"start":{"line":127,"column":15},"end":{"line":127,"column":null}},"34":{"start":{"line":128,"column":20},"end":{"line":128,"column":null}},"35":{"start":{"line":130,"column":2},"end":{"line":138,"column":null}},"36":{"start":{"line":131,"column":4},"end":{"line":137,"column":null}},"37":{"start":{"line":140,"column":2},"end":{"line":140,"column":null}},"38":{"start":{"line":143,"column":28},"end":{"line":152,"column":null}},"39":{"start":{"line":144,"column":14},"end":{"line":144,"column":null}},"40":{"start":{"line":145,"column":12},"end":{"line":145,"column":null}},"41":{"start":{"line":146,"column":2},"end":{"line":146,"column":null}},"42":{"start":{"line":147,"column":2},"end":{"line":147,"column":null}},"43":{"start":{"line":148,"column":2},"end":{"line":148,"column":null}},"44":{"start":{"line":149,"column":2},"end":{"line":149,"column":null}},"45":{"start":{"line":150,"column":2},"end":{"line":150,"column":null}},"46":{"start":{"line":151,"column":2},"end":{"line":151,"column":null}},"47":{"start":{"line":154,"column":24},"end":{"line":185,"column":null}},"48":{"start":{"line":161,"column":14},"end":{"line":161,"column":null}},"49":{"start":{"line":162,"column":19},"end":{"line":162,"column":null}},"50":{"start":{"line":163,"column":2},"end":{"line":163,"column":null}},"51":{"start":{"line":164,"column":2},"end":{"line":164,"column":null}},"52":{"start":{"line":165,"column":2},"end":{"line":165,"column":null}},"53":{"start":{"line":166,"column":2},"end":{"line":168,"column":null}},"54":{"start":{"line":167,"column":4},"end":{"line":167,"column":null}},"55":{"start":{"line":170,"column":19},"end":{"line":176,"column":null}},"56":{"start":{"line":178,"column":2},"end":{"line":181,"column":null}},"57":{"start":{"line":179,"column":22},"end":{"line":179,"column":null}},"58":{"start":{"line":180,"column":4},"end":{"line":180,"column":null}},"59":{"start":{"line":183,"column":15},"end":{"line":183,"column":null}},"60":{"start":{"line":184,"column":2},"end":{"line":184,"column":null}},"61":{"start":{"line":187,"column":34},"end":{"line":203,"column":null}},"62":{"start":{"line":188,"column":14},"end":{"line":188,"column":null}},"63":{"start":{"line":189,"column":19},"end":{"line":194,"column":null}},"64":{"start":{"line":196,"column":2},"end":{"line":199,"column":null}},"65":{"start":{"line":197,"column":22},"end":{"line":197,"column":null}},"66":{"start":{"line":198,"column":4},"end":{"line":198,"column":null}},"67":{"start":{"line":201,"column":15},"end":{"line":201,"column":null}},"68":{"start":{"line":202,"column":2},"end":{"line":202,"column":null}},"69":{"start":{"line":208,"column":30},"end":{"line":222,"column":null}},"70":{"start":{"line":209,"column":2},"end":{"line":221,"column":null}},"71":{"start":{"line":210,"column":16},"end":{"line":210,"column":null}},"72":{"start":{"line":211,"column":21},"end":{"line":216,"column":null}},"73":{"start":{"line":217,"column":4},"end":{"line":217,"column":null}},"74":{"start":{"line":219,"column":4},"end":{"line":219,"column":null}},"75":{"start":{"line":220,"column":4},"end":{"line":220,"column":null}},"76":{"start":{"line":228,"column":20},"end":{"line":228,"column":null}},"77":{"start":{"line":229,"column":16},"end":{"line":229,"column":null}},"78":{"start":{"line":230,"column":16},"end":{"line":230,"column":null}},"79":{"start":{"line":232,"column":2},"end":{"line":248,"column":null}},"80":{"start":{"line":233,"column":27},"end":{"line":233,"column":null}},"81":{"start":{"line":234,"column":22},"end":{"line":234,"column":null}},"82":{"start":{"line":235,"column":16},"end":{"line":235,"column":null}},"83":{"start":{"line":236,"column":21},"end":{"line":236,"column":null}},"84":{"start":{"line":239,"column":4},"end":{"line":241,"column":null}},"85":{"start":{"line":240,"column":6},"end":{"line":240,"column":null}},"86":{"start":{"line":244,"column":4},"end":{"line":247,"column":null}},"87":{"start":{"line":245,"column":6},"end":{"line":245,"column":null}},"88":{"start":{"line":246,"column":6},"end":{"line":246,"column":null}},"89":{"start":{"line":246,"column":35},"end":{"line":246,"column":64}},"90":{"start":{"line":251,"column":2},"end":{"line":251,"column":null}},"91":{"start":{"line":251,"column":31},"end":{"line":251,"column":55}},"92":{"start":{"line":253,"column":36},"end":{"line":286,"column":null}},"93":{"start":{"line":259,"column":14},"end":{"line":259,"column":null}},"94":{"start":{"line":260,"column":19},"end":{"line":277,"column":null}},"95":{"start":{"line":279,"column":2},"end":{"line":282,"column":null}},"96":{"start":{"line":280,"column":22},"end":{"line":280,"column":null}},"97":{"start":{"line":281,"column":4},"end":{"line":281,"column":null}},"98":{"start":{"line":284,"column":15},"end":{"line":284,"column":null}},"99":{"start":{"line":285,"column":2},"end":{"line":285,"column":null}},"100":{"start":{"line":288,"column":30},"end":{"line":359,"column":null}},"101":{"start":{"line":296,"column":20},"end":{"line":296,"column":null}},"102":{"start":{"line":298,"column":2},"end":{"line":306,"column":null}},"103":{"start":{"line":299,"column":4},"end":{"line":305,"column":null}},"104":{"start":{"line":309,"column":19},"end":{"line":309,"column":null}},"105":{"start":{"line":310,"column":2},"end":{"line":312,"column":null}},"106":{"start":{"line":311,"column":4},"end":{"line":311,"column":null}},"107":{"start":{"line":313,"column":2},"end":{"line":315,"column":null}},"108":{"start":{"line":314,"column":4},"end":{"line":314,"column":null}},"109":{"start":{"line":316,"column":2},"end":{"line":318,"column":null}},"110":{"start":{"line":317,"column":4},"end":{"line":317,"column":null}},"111":{"start":{"line":319,"column":2},"end":{"line":319,"column":null}},"112":{"start":{"line":320,"column":2},"end":{"line":320,"column":null}},"113":{"start":{"line":322,"column":2},"end":{"line":358,"column":null}},"114":{"start":{"line":323,"column":21},"end":{"line":326,"column":null}},"115":{"start":{"line":328,"column":4},"end":{"line":331,"column":null}},"116":{"start":{"line":329,"column":24},"end":{"line":329,"column":null}},"117":{"start":{"line":330,"column":6},"end":{"line":330,"column":null}},"118":{"start":{"line":333,"column":29},"end":{"line":333,"column":null}},"119":{"start":{"line":335,"column":4},"end":{"line":343,"column":null}},"120":{"start":{"line":336,"column":6},"end":{"line":342,"column":null}},"121":{"start":{"line":345,"column":4},"end":{"line":345,"column":null}},"122":{"start":{"line":347,"column":20},"end":{"line":347,"column":null}},"123":{"start":{"line":348,"column":4},"end":{"line":356,"column":null}},"124":{"start":{"line":349,"column":6},"end":{"line":355,"column":null}},"125":{"start":{"line":357,"column":4},"end":{"line":357,"column":null}},"126":{"start":{"line":361,"column":32},"end":{"line":475,"column":null}},"127":{"start":{"line":371,"column":16},"end":{"line":371,"column":null}},"128":{"start":{"line":372,"column":59},"end":{"line":372,"column":null}},"129":{"start":{"line":374,"column":2},"end":{"line":379,"column":null}},"130":{"start":{"line":375,"column":23},"end":{"line":375,"column":null}},"131":{"start":{"line":376,"column":4},"end":{"line":378,"column":null}},"132":{"start":{"line":377,"column":6},"end":{"line":377,"column":null}},"133":{"start":{"line":382,"column":2},"end":{"line":447,"column":null}},"134":{"start":{"line":382,"column":15},"end":{"line":382,"column":28}},"135":{"start":{"line":383,"column":18},"end":{"line":383,"column":null}},"136":{"start":{"line":384,"column":19},"end":{"line":384,"column":null}},"137":{"start":{"line":386,"column":4},"end":{"line":388,"column":null}},"138":{"start":{"line":387,"column":6},"end":{"line":387,"column":null}},"139":{"start":{"line":390,"column":4},"end":{"line":446,"column":null}},"140":{"start":{"line":391,"column":43},"end":{"line":401,"column":null}},"141":{"start":{"line":404,"column":6},"end":{"line":407,"column":null}},"142":{"start":{"line":405,"column":8},"end":{"line":405,"column":null}},"143":{"start":{"line":406,"column":8},"end":{"line":406,"column":null}},"144":{"start":{"line":409,"column":6},"end":{"line":409,"column":null}},"145":{"start":{"line":411,"column":23},"end":{"line":411,"column":null}},"146":{"start":{"line":413,"column":6},"end":{"line":420,"column":null}},"147":{"start":{"line":415,"column":8},"end":{"line":415,"column":null}},"148":{"start":{"line":416,"column":8},"end":{"line":416,"column":null}},"149":{"start":{"line":419,"column":8},"end":{"line":419,"column":null}},"150":{"start":{"line":422,"column":6},"end":{"line":430,"column":null}},"151":{"start":{"line":423,"column":8},"end":{"line":429,"column":null}},"152":{"start":{"line":434,"column":22},"end":{"line":434,"column":null}},"153":{"start":{"line":435,"column":6},"end":{"line":443,"column":null}},"154":{"start":{"line":436,"column":8},"end":{"line":442,"column":null}},"155":{"start":{"line":444,"column":6},"end":{"line":444,"column":null}},"156":{"start":{"line":445,"column":6},"end":{"line":445,"column":null}},"157":{"start":{"line":450,"column":2},"end":{"line":472,"column":null}},"158":{"start":{"line":451,"column":4},"end":{"line":471,"column":null}},"159":{"start":{"line":452,"column":31},"end":{"line":452,"column":null}},"160":{"start":{"line":453,"column":6},"end":{"line":453,"column":null}},"161":{"start":{"line":456,"column":6},"end":{"line":464,"column":null}},"162":{"start":{"line":457,"column":8},"end":{"line":463,"column":null}},"163":{"start":{"line":466,"column":6},"end":{"line":468,"column":null}},"164":{"start":{"line":467,"column":8},"end":{"line":467,"column":null}},"165":{"start":{"line":470,"column":6},"end":{"line":470,"column":null}},"166":{"start":{"line":473,"column":2},"end":{"line":473,"column":null}},"167":{"start":{"line":474,"column":2},"end":{"line":474,"column":null}}},"fnMap":{"0":{"name":"fetchWithRetry","decl":{"start":{"line":15,"column":15},"end":{"line":15,"column":null}},"loc":{"start":{"line":20,"column":21},"end":{"line":62,"column":null}},"line":20},"1":{"name":"(anonymous_1)","decl":{"start":{"line":37,"column":28},"end":{"line":37,"column":39}},"loc":{"start":{"line":37,"column":39},"end":{"line":37,"column":65}},"line":37},"2":{"name":"(anonymous_2)","decl":{"start":{"line":55,"column":26},"end":{"line":55,"column":37}},"loc":{"start":{"line":55,"column":37},"end":{"line":55,"column":63}},"line":55},"3":{"name":"(anonymous_3)","decl":{"start":{"line":78,"column":33},"end":{"line":78,"column":null}},"loc":{"start":{"line":88,"column":63},"end":{"line":141,"column":null}},"line":88},"4":{"name":"(anonymous_4)","decl":{"start":{"line":143,"column":28},"end":{"line":143,"column":29}},"loc":{"start":{"line":143,"column":62},"end":{"line":152,"column":null}},"line":143},"5":{"name":"(anonymous_5)","decl":{"start":{"line":154,"column":24},"end":{"line":154,"column":null}},"loc":{"start":{"line":160,"column":19},"end":{"line":185,"column":null}},"line":160},"6":{"name":"(anonymous_6)","decl":{"start":{"line":166,"column":16},"end":{"line":166,"column":17}},"loc":{"start":{"line":166,"column":33},"end":{"line":168,"column":3}},"line":166},"7":{"name":"(anonymous_7)","decl":{"start":{"line":187,"column":34},"end":{"line":187,"column":41}},"loc":{"start":{"line":187,"column":74},"end":{"line":203,"column":null}},"line":187},"8":{"name":"(anonymous_8)","decl":{"start":{"line":208,"column":30},"end":{"line":208,"column":37}},"loc":{"start":{"line":208,"column":74},"end":{"line":222,"column":null}},"line":208},"9":{"name":"handleRateLimiting","decl":{"start":{"line":227,"column":15},"end":{"line":227,"column":34}},"loc":{"start":{"line":227,"column":67},"end":{"line":252,"column":null}},"line":227},"10":{"name":"(anonymous_10)","decl":{"start":{"line":246,"column":24},"end":{"line":246,"column":35}},"loc":{"start":{"line":246,"column":35},"end":{"line":246,"column":64}},"line":246},"11":{"name":"(anonymous_11)","decl":{"start":{"line":251,"column":20},"end":{"line":251,"column":31}},"loc":{"start":{"line":251,"column":31},"end":{"line":251,"column":55}},"line":251},"12":{"name":"(anonymous_12)","decl":{"start":{"line":253,"column":36},"end":{"line":253,"column":null}},"loc":{"start":{"line":258,"column":20},"end":{"line":286,"column":null}},"line":258},"13":{"name":"(anonymous_13)","decl":{"start":{"line":288,"column":30},"end":{"line":288,"column":null}},"loc":{"start":{"line":295,"column":20},"end":{"line":359,"column":null}},"line":295},"14":{"name":"(anonymous_14)","decl":{"start":{"line":310,"column":16},"end":{"line":310,"column":17}},"loc":{"start":{"line":310,"column":40},"end":{"line":312,"column":3}},"line":310},"15":{"name":"(anonymous_15)","decl":{"start":{"line":361,"column":32},"end":{"line":361,"column":null}},"loc":{"start":{"line":370,"column":20},"end":{"line":475,"column":null}},"line":370},"16":{"name":"(anonymous_16)","decl":{"start":{"line":466,"column":29},"end":{"line":466,"column":30}},"loc":{"start":{"line":466,"column":53},"end":{"line":468,"column":7}},"line":466}},"branchMap":{"0":{"loc":{"start":{"line":18,"column":2},"end":{"line":18,"column":null}},"type":"default-arg","locations":[{"start":{"line":18,"column":23},"end":{"line":18,"column":null}}],"line":18},"1":{"loc":{"start":{"line":19,"column":2},"end":{"line":19,"column":null}},"type":"default-arg","locations":[{"start":{"line":19,"column":22},"end":{"line":19,"column":null}}],"line":19},"2":{"loc":{"start":{"line":28,"column":6},"end":{"line":30,"column":null}},"type":"if","locations":[{"start":{"line":28,"column":6},"end":{"line":30,"column":null}},{"start":{},"end":{}}],"line":28},"3":{"loc":{"start":{"line":28,"column":10},"end":{"line":28,"column":86}},"type":"binary-expr","locations":[{"start":{"line":28,"column":10},"end":{"line":28,"column":36}},{"start":{"line":28,"column":36},"end":{"line":28,"column":61}},{"start":{"line":28,"column":61},"end":{"line":28,"column":86}}],"line":28},"4":{"loc":{"start":{"line":33,"column":6},"end":{"line":40,"column":null}},"type":"if","locations":[{"start":{"line":33,"column":6},"end":{"line":40,"column":null}},{"start":{},"end":{}}],"line":33},"5":{"loc":{"start":{"line":33,"column":10},"end":{"line":33,"column":61}},"type":"binary-expr","locations":[{"start":{"line":33,"column":10},"end":{"line":33,"column":36}},{"start":{"line":33,"column":36},"end":{"line":33,"column":61}}],"line":33},"6":{"loc":{"start":{"line":34,"column":8},"end":{"line":39,"column":null}},"type":"if","locations":[{"start":{"line":34,"column":8},"end":{"line":39,"column":null}},{"start":{},"end":{}}],"line":34},"7":{"loc":{"start":{"line":47,"column":6},"end":{"line":49,"column":null}},"type":"if","locations":[{"start":{"line":47,"column":6},"end":{"line":49,"column":null}},{"start":{},"end":{}}],"line":47},"8":{"loc":{"start":{"line":47,"column":10},"end":{"line":47,"column":65}},"type":"binary-expr","locations":[{"start":{"line":47,"column":10},"end":{"line":47,"column":36}},{"start":{"line":47,"column":36},"end":{"line":47,"column":65}}],"line":47},"9":{"loc":{"start":{"line":52,"column":6},"end":{"line":57,"column":null}},"type":"if","locations":[{"start":{"line":52,"column":6},"end":{"line":57,"column":null}},{"start":{},"end":{}}],"line":52},"10":{"loc":{"start":{"line":61,"column":57},"end":{"line":61,"column":94}},"type":"binary-expr","locations":[{"start":{"line":61,"column":57},"end":{"line":61,"column":79}},{"start":{"line":61,"column":79},"end":{"line":61,"column":94}}],"line":61},"11":{"loc":{"start":{"line":85,"column":2},"end":{"line":85,"column":null}},"type":"default-arg","locations":[{"start":{"line":85,"column":18},"end":{"line":85,"column":null}}],"line":85},"12":{"loc":{"start":{"line":86,"column":2},"end":{"line":86,"column":null}},"type":"default-arg","locations":[{"start":{"line":86,"column":18},"end":{"line":86,"column":null}}],"line":86},"13":{"loc":{"start":{"line":91,"column":2},"end":{"line":99,"column":null}},"type":"if","locations":[{"start":{"line":91,"column":2},"end":{"line":99,"column":null}},{"start":{},"end":{}}],"line":91},"14":{"loc":{"start":{"line":109,"column":12},"end":{"line":109,"column":null}},"type":"cond-expr","locations":[{"start":{"line":109,"column":28},"end":{"line":109,"column":65}},{"start":{"line":109,"column":65},"end":{"line":109,"column":null}}],"line":109},"15":{"loc":{"start":{"line":114,"column":15},"end":{"line":114,"column":null}},"type":"binary-expr","locations":[{"start":{"line":114,"column":15},"end":{"line":114,"column":45}},{"start":{"line":114,"column":45},"end":{"line":114,"column":null}}],"line":114},"16":{"loc":{"start":{"line":122,"column":2},"end":{"line":125,"column":null}},"type":"if","locations":[{"start":{"line":122,"column":2},"end":{"line":125,"column":null}},{"start":{},"end":{}}],"line":122},"17":{"loc":{"start":{"line":130,"column":2},"end":{"line":138,"column":null}},"type":"if","locations":[{"start":{"line":130,"column":2},"end":{"line":138,"column":null}},{"start":{},"end":{}}],"line":130},"18":{"loc":{"start":{"line":178,"column":2},"end":{"line":181,"column":null}},"type":"if","locations":[{"start":{"line":178,"column":2},"end":{"line":181,"column":null}},{"start":{},"end":{}}],"line":178},"19":{"loc":{"start":{"line":196,"column":2},"end":{"line":199,"column":null}},"type":"if","locations":[{"start":{"line":196,"column":2},"end":{"line":199,"column":null}},{"start":{},"end":{}}],"line":196},"20":{"loc":{"start":{"line":232,"column":2},"end":{"line":248,"column":null}},"type":"if","locations":[{"start":{"line":232,"column":2},"end":{"line":248,"column":null}},{"start":{},"end":{}}],"line":232},"21":{"loc":{"start":{"line":232,"column":6},"end":{"line":232,"column":26}},"type":"binary-expr","locations":[{"start":{"line":232,"column":6},"end":{"line":232,"column":19}},{"start":{"line":232,"column":19},"end":{"line":232,"column":26}}],"line":232},"22":{"loc":{"start":{"line":239,"column":4},"end":{"line":241,"column":null}},"type":"if","locations":[{"start":{"line":239,"column":4},"end":{"line":241,"column":null}},{"start":{},"end":{}}],"line":239},"23":{"loc":{"start":{"line":239,"column":8},"end":{"line":239,"column":51}},"type":"binary-expr","locations":[{"start":{"line":239,"column":8},"end":{"line":239,"column":31}},{"start":{"line":239,"column":31},"end":{"line":239,"column":51}}],"line":239},"24":{"loc":{"start":{"line":244,"column":4},"end":{"line":247,"column":null}},"type":"if","locations":[{"start":{"line":244,"column":4},"end":{"line":247,"column":null}},{"start":{},"end":{}}],"line":244},"25":{"loc":{"start":{"line":244,"column":8},"end":{"line":244,"column":44}},"type":"binary-expr","locations":[{"start":{"line":244,"column":8},"end":{"line":244,"column":30}},{"start":{"line":244,"column":30},"end":{"line":244,"column":44}}],"line":244},"26":{"loc":{"start":{"line":273,"column":15},"end":{"line":273,"column":null}},"type":"binary-expr","locations":[{"start":{"line":273,"column":15},"end":{"line":273,"column":38}},{"start":{"line":273,"column":38},"end":{"line":273,"column":null}}],"line":273},"27":{"loc":{"start":{"line":279,"column":2},"end":{"line":282,"column":null}},"type":"if","locations":[{"start":{"line":279,"column":2},"end":{"line":282,"column":null}},{"start":{},"end":{}}],"line":279},"28":{"loc":{"start":{"line":298,"column":2},"end":{"line":306,"column":null}},"type":"if","locations":[{"start":{"line":298,"column":2},"end":{"line":306,"column":null}},{"start":{},"end":{}}],"line":298},"29":{"loc":{"start":{"line":313,"column":2},"end":{"line":315,"column":null}},"type":"if","locations":[{"start":{"line":313,"column":2},"end":{"line":315,"column":null}},{"start":{},"end":{}}],"line":313},"30":{"loc":{"start":{"line":316,"column":2},"end":{"line":318,"column":null}},"type":"if","locations":[{"start":{"line":316,"column":2},"end":{"line":318,"column":null}},{"start":{},"end":{}}],"line":316},"31":{"loc":{"start":{"line":316,"column":6},"end":{"line":316,"column":43}},"type":"binary-expr","locations":[{"start":{"line":316,"column":6},"end":{"line":316,"column":20}},{"start":{"line":316,"column":20},"end":{"line":316,"column":43}}],"line":316},"32":{"loc":{"start":{"line":328,"column":4},"end":{"line":331,"column":null}},"type":"if","locations":[{"start":{"line":328,"column":4},"end":{"line":331,"column":null}},{"start":{},"end":{}}],"line":328},"33":{"loc":{"start":{"line":335,"column":4},"end":{"line":343,"column":null}},"type":"if","locations":[{"start":{"line":335,"column":4},"end":{"line":343,"column":null}},{"start":{},"end":{}}],"line":335},"34":{"loc":{"start":{"line":347,"column":20},"end":{"line":347,"column":null}},"type":"cond-expr","locations":[{"start":{"line":347,"column":45},"end":{"line":347,"column":61}},{"start":{"line":347,"column":61},"end":{"line":347,"column":null}}],"line":347},"35":{"loc":{"start":{"line":348,"column":4},"end":{"line":356,"column":null}},"type":"if","locations":[{"start":{"line":348,"column":4},"end":{"line":356,"column":null}},{"start":{},"end":{}}],"line":348},"36":{"loc":{"start":{"line":369,"column":2},"end":{"line":369,"column":null}},"type":"default-arg","locations":[{"start":{"line":369,"column":24},"end":{"line":369,"column":null}}],"line":369},"37":{"loc":{"start":{"line":374,"column":2},"end":{"line":379,"column":null}},"type":"if","locations":[{"start":{"line":374,"column":2},"end":{"line":379,"column":null}},{"start":{},"end":{}}],"line":374},"38":{"loc":{"start":{"line":376,"column":4},"end":{"line":378,"column":null}},"type":"if","locations":[{"start":{"line":376,"column":4},"end":{"line":378,"column":null}},{"start":{},"end":{}}],"line":376},"39":{"loc":{"start":{"line":386,"column":4},"end":{"line":388,"column":null}},"type":"if","locations":[{"start":{"line":386,"column":4},"end":{"line":388,"column":null}},{"start":{},"end":{}}],"line":386},"40":{"loc":{"start":{"line":386,"column":8},"end":{"line":386,"column":36}},"type":"binary-expr","locations":[{"start":{"line":386,"column":8},"end":{"line":386,"column":19}},{"start":{"line":386,"column":19},"end":{"line":386,"column":36}}],"line":386},"41":{"loc":{"start":{"line":404,"column":6},"end":{"line":407,"column":null}},"type":"if","locations":[{"start":{"line":404,"column":6},"end":{"line":407,"column":null}},{"start":{},"end":{}}],"line":404},"42":{"loc":{"start":{"line":404,"column":10},"end":{"line":404,"column":171}},"type":"binary-expr","locations":[{"start":{"line":404,"column":10},"end":{"line":404,"column":23}},{"start":{"line":404,"column":23},"end":{"line":404,"column":57}},{"start":{"line":404,"column":57},"end":{"line":404,"column":116}},{"start":{"line":404,"column":116},"end":{"line":404,"column":171}}],"line":404},"43":{"loc":{"start":{"line":413,"column":6},"end":{"line":420,"column":null}},"type":"if","locations":[{"start":{"line":413,"column":6},"end":{"line":420,"column":null}},{"start":{"line":417,"column":13},"end":{"line":420,"column":null}}],"line":413},"44":{"loc":{"start":{"line":422,"column":6},"end":{"line":430,"column":null}},"type":"if","locations":[{"start":{"line":422,"column":6},"end":{"line":430,"column":null}},{"start":{},"end":{}}],"line":422},"45":{"loc":{"start":{"line":434,"column":22},"end":{"line":434,"column":null}},"type":"cond-expr","locations":[{"start":{"line":434,"column":47},"end":{"line":434,"column":63}},{"start":{"line":434,"column":63},"end":{"line":434,"column":null}}],"line":434},"46":{"loc":{"start":{"line":435,"column":6},"end":{"line":443,"column":null}},"type":"if","locations":[{"start":{"line":435,"column":6},"end":{"line":443,"column":null}},{"start":{},"end":{}}],"line":435},"47":{"loc":{"start":{"line":450,"column":2},"end":{"line":472,"column":null}},"type":"if","locations":[{"start":{"line":450,"column":2},"end":{"line":472,"column":null}},{"start":{},"end":{}}],"line":450},"48":{"loc":{"start":{"line":450,"column":6},"end":{"line":450,"column":64}},"type":"binary-expr","locations":[{"start":{"line":450,"column":6},"end":{"line":450,"column":37}},{"start":{"line":450,"column":37},"end":{"line":450,"column":64}}],"line":450},"49":{"loc":{"start":{"line":456,"column":6},"end":{"line":464,"column":null}},"type":"if","locations":[{"start":{"line":456,"column":6},"end":{"line":464,"column":null}},{"start":{},"end":{}}],"line":456}},"s":{"0":2,"1":2,"2":2,"3":5,"4":5,"5":1,"6":0,"7":1,"8":0,"9":0,"10":0,"11":0,"12":0,"13":0,"14":1,"15":4,"16":4,"17":0,"18":4,"19":3,"20":3,"21":3,"22":3,"23":3,"24":4,"25":1,"26":2,"27":2,"28":1,"29":2,"30":1,"31":0,"32":0,"33":1,"34":1,"35":1,"36":1,"37":1,"38":1,"39":0,"40":0,"41":0,"42":0,"43":0,"44":0,"45":0,"46":0,"47":1,"48":2,"49":2,"50":2,"51":2,"52":2,"53":2,"54":2,"55":2,"56":2,"57":1,"58":1,"59":1,"60":1,"61":1,"62":2,"63":2,"64":2,"65":1,"66":1,"67":1,"68":1,"69":1,"70":2,"71":2,"72":2,"73":2,"74":0,"75":0,"76":0,"77":0,"78":0,"79":0,"80":0,"81":0,"82":0,"83":0,"84":0,"85":0,"86":0,"87":0,"88":0,"89":0,"90":0,"91":0,"92":1,"93":0,"94":0,"95":0,"96":0,"97":0,"98":0,"99":0,"100":1,"101":0,"102":0,"103":0,"104":0,"105":0,"106":0,"107":0,"108":0,"109":0,"110":0,"111":0,"112":0,"113":0,"114":0,"115":0,"116":0,"117":0,"118":0,"119":0,"120":0,"121":0,"122":0,"123":0,"124":0,"125":0,"126":1,"127":0,"128":0,"129":0,"130":0,"131":0,"132":0,"133":0,"134":0,"135":0,"136":0,"137":0,"138":0,"139":0,"140":0,"141":0,"142":0,"143":0,"144":0,"145":0,"146":0,"147":0,"148":0,"149":0,"150":0,"151":0,"152":0,"153":0,"154":0,"155":0,"156":0,"157":0,"158":0,"159":0,"160":0,"161":0,"162":0,"163":0,"164":0,"165":0,"166":0,"167":0},"f":{"0":2,"1":0,"2":3,"3":2,"4":0,"5":2,"6":2,"7":2,"8":2,"9":0,"10":0,"11":0,"12":0,"13":0,"14":0,"15":0,"16":0},"b":{"0":[2],"1":[2],"2":[0,1],"3":[1,0,0],"4":[0,1],"5":[1,1],"6":[0,0],"7":[0,4],"8":[4,4],"9":[3,1],"10":[4,0],"11":[2],"12":[2],"13":[1,1],"14":[0,2],"15":[2,0],"16":[0,1],"17":[1,0],"18":[1,1],"19":[1,1],"20":[0,0],"21":[0,0],"22":[0,0],"23":[0,0],"24":[0,0],"25":[0,0],"26":[0,0],"27":[0,0],"28":[0,0],"29":[0,0],"30":[0,0],"31":[0,0],"32":[0,0],"33":[0,0],"34":[0,0],"35":[0,0],"36":[0],"37":[0,0],"38":[0,0],"39":[0,0],"40":[0,0],"41":[0,0],"42":[0,0,0,0],"43":[0,0],"44":[0,0],"45":[0,0],"46":[0,0],"47":[0,0],"48":[0,0],"49":[0,0]},"meta":{"lastBranch":50,"lastFunction":17,"lastStatement":168,"seen":{"f:15:15:15:Infinity":0,"b:18:23:18:Infinity":0,"b:19:22:19:Infinity":1,"s:21:32:21:Infinity":0,"s:23:2:59:Infinity":1,"s:23:21:23:24":2,"s:24:4:58:Infinity":3,"s:25:23:25:Infinity":4,"b:28:6:30:Infinity:undefined:undefined:undefined:undefined":2,"s:28:6:30:Infinity":5,"b:28:10:28:36:28:36:28:61:28:61:28:86":3,"s:29:8:29:Infinity":6,"b:33:6:40:Infinity:undefined:undefined:undefined:undefined":4,"s:33:6:40:Infinity":7,"b:33:10:33:36:33:36:33:61":5,"b:34:8:39:Infinity:undefined:undefined:undefined:undefined":6,"s:34:8:39:Infinity":8,"s:35:24:35:Infinity":9,"s:36:10:36:Infinity":10,"s:37:10:37:Infinity":11,"f:37:28:37:39":1,"s:37:39:37:65":12,"s:38:10:38:Infinity":13,"s:42:6:42:Infinity":14,"s:44:6:44:Infinity":15,"b:47:6:49:Infinity:undefined:undefined:undefined:undefined":7,"s:47:6:49:Infinity":16,"b:47:10:47:36:47:36:47:65":8,"s:48:8:48:Infinity":17,"b:52:6:57:Infinity:undefined:undefined:undefined:undefined":9,"s:52:6:57:Infinity":18,"s:53:22:53:Infinity":19,"s:54:8:54:Infinity":20,"s:55:8:55:Infinity":21,"f:55:26:55:37":2,"s:55:37:55:63":22,"s:56:8:56:Infinity":23,"s:61:2:61:Infinity":24,"b:61:57:61:79:61:79:61:94":10,"s:78:33:141:Infinity":25,"f:78:33:78:Infinity":3,"b:85:18:85:Infinity":11,"b:86:18:86:Infinity":12,"s:89:14:89:Infinity":26,"b:91:2:99:Infinity:undefined:undefined:undefined:undefined":13,"s:91:2:99:Infinity":27,"s:92:4:98:Infinity":28,"s:101:19:120:Infinity":29,"b:109:28:109:65:109:65:109:Infinity":14,"b:114:15:114:45:114:45:114:Infinity":15,"b:122:2:125:Infinity:undefined:undefined:undefined:undefined":16,"s:122:2:125:Infinity":30,"s:123:22:123:Infinity":31,"s:124:4:124:Infinity":32,"s:127:15:127:Infinity":33,"s:128:20:128:Infinity":34,"b:130:2:138:Infinity:undefined:undefined:undefined:undefined":17,"s:130:2:138:Infinity":35,"s:131:4:137:Infinity":36,"s:140:2:140:Infinity":37,"s:143:28:152:Infinity":38,"f:143:28:143:29":4,"s:144:14:144:Infinity":39,"s:145:12:145:Infinity":40,"s:146:2:146:Infinity":41,"s:147:2:147:Infinity":42,"s:148:2:148:Infinity":43,"s:149:2:149:Infinity":44,"s:150:2:150:Infinity":45,"s:151:2:151:Infinity":46,"s:154:24:185:Infinity":47,"f:154:24:154:Infinity":5,"s:161:14:161:Infinity":48,"s:162:19:162:Infinity":49,"s:163:2:163:Infinity":50,"s:164:2:164:Infinity":51,"s:165:2:165:Infinity":52,"s:166:2:168:Infinity":53,"f:166:16:166:17":6,"s:167:4:167:Infinity":54,"s:170:19:176:Infinity":55,"b:178:2:181:Infinity:undefined:undefined:undefined:undefined":18,"s:178:2:181:Infinity":56,"s:179:22:179:Infinity":57,"s:180:4:180:Infinity":58,"s:183:15:183:Infinity":59,"s:184:2:184:Infinity":60,"s:187:34:203:Infinity":61,"f:187:34:187:41":7,"s:188:14:188:Infinity":62,"s:189:19:194:Infinity":63,"b:196:2:199:Infinity:undefined:undefined:undefined:undefined":19,"s:196:2:199:Infinity":64,"s:197:22:197:Infinity":65,"s:198:4:198:Infinity":66,"s:201:15:201:Infinity":67,"s:202:2:202:Infinity":68,"s:208:30:222:Infinity":69,"f:208:30:208:37":8,"s:209:2:221:Infinity":70,"s:210:16:210:Infinity":71,"s:211:21:216:Infinity":72,"s:217:4:217:Infinity":73,"s:219:4:219:Infinity":74,"s:220:4:220:Infinity":75,"f:227:15:227:34":9,"s:228:20:228:Infinity":76,"s:229:16:229:Infinity":77,"s:230:16:230:Infinity":78,"b:232:2:248:Infinity:undefined:undefined:undefined:undefined":20,"s:232:2:248:Infinity":79,"b:232:6:232:19:232:19:232:26":21,"s:233:27:233:Infinity":80,"s:234:22:234:Infinity":81,"s:235:16:235:Infinity":82,"s:236:21:236:Infinity":83,"b:239:4:241:Infinity:undefined:undefined:undefined:undefined":22,"s:239:4:241:Infinity":84,"b:239:8:239:31:239:31:239:51":23,"s:240:6:240:Infinity":85,"b:244:4:247:Infinity:undefined:undefined:undefined:undefined":24,"s:244:4:247:Infinity":86,"b:244:8:244:30:244:30:244:44":25,"s:245:6:245:Infinity":87,"s:246:6:246:Infinity":88,"f:246:24:246:35":10,"s:246:35:246:64":89,"s:251:2:251:Infinity":90,"f:251:20:251:31":11,"s:251:31:251:55":91,"s:253:36:286:Infinity":92,"f:253:36:253:Infinity":12,"s:259:14:259:Infinity":93,"s:260:19:277:Infinity":94,"b:273:15:273:38:273:38:273:Infinity":26,"b:279:2:282:Infinity:undefined:undefined:undefined:undefined":27,"s:279:2:282:Infinity":95,"s:280:22:280:Infinity":96,"s:281:4:281:Infinity":97,"s:284:15:284:Infinity":98,"s:285:2:285:Infinity":99,"s:288:30:359:Infinity":100,"f:288:30:288:Infinity":13,"s:296:20:296:Infinity":101,"b:298:2:306:Infinity:undefined:undefined:undefined:undefined":28,"s:298:2:306:Infinity":102,"s:299:4:305:Infinity":103,"s:309:19:309:Infinity":104,"s:310:2:312:Infinity":105,"f:310:16:310:17":14,"s:311:4:311:Infinity":106,"b:313:2:315:Infinity:undefined:undefined:undefined:undefined":29,"s:313:2:315:Infinity":107,"s:314:4:314:Infinity":108,"b:316:2:318:Infinity:undefined:undefined:undefined:undefined":30,"s:316:2:318:Infinity":109,"b:316:6:316:20:316:20:316:43":31,"s:317:4:317:Infinity":110,"s:319:2:319:Infinity":111,"s:320:2:320:Infinity":112,"s:322:2:358:Infinity":113,"s:323:21:326:Infinity":114,"b:328:4:331:Infinity:undefined:undefined:undefined:undefined":32,"s:328:4:331:Infinity":115,"s:329:24:329:Infinity":116,"s:330:6:330:Infinity":117,"s:333:29:333:Infinity":118,"b:335:4:343:Infinity:undefined:undefined:undefined:undefined":33,"s:335:4:343:Infinity":119,"s:336:6:342:Infinity":120,"s:345:4:345:Infinity":121,"s:347:20:347:Infinity":122,"b:347:45:347:61:347:61:347:Infinity":34,"b:348:4:356:Infinity:undefined:undefined:undefined:undefined":35,"s:348:4:356:Infinity":123,"s:349:6:355:Infinity":124,"s:357:4:357:Infinity":125,"s:361:32:475:Infinity":126,"f:361:32:361:Infinity":15,"b:369:24:369:Infinity":36,"s:371:16:371:Infinity":127,"s:372:59:372:Infinity":128,"b:374:2:379:Infinity:undefined:undefined:undefined:undefined":37,"s:374:2:379:Infinity":129,"s:375:23:375:Infinity":130,"b:376:4:378:Infinity:undefined:undefined:undefined:undefined":38,"s:376:4:378:Infinity":131,"s:377:6:377:Infinity":132,"s:382:2:447:Infinity":133,"s:382:15:382:28":134,"s:383:18:383:Infinity":135,"s:384:19:384:Infinity":136,"b:386:4:388:Infinity:undefined:undefined:undefined:undefined":39,"s:386:4:388:Infinity":137,"b:386:8:386:19:386:19:386:36":40,"s:387:6:387:Infinity":138,"s:390:4:446:Infinity":139,"s:391:43:401:Infinity":140,"b:404:6:407:Infinity:undefined:undefined:undefined:undefined":41,"s:404:6:407:Infinity":141,"b:404:10:404:23:404:23:404:57:404:57:404:116:404:116:404:171":42,"s:405:8:405:Infinity":142,"s:406:8:406:Infinity":143,"s:409:6:409:Infinity":144,"s:411:23:411:Infinity":145,"b:413:6:420:Infinity:417:13:420:Infinity":43,"s:413:6:420:Infinity":146,"s:415:8:415:Infinity":147,"s:416:8:416:Infinity":148,"s:419:8:419:Infinity":149,"b:422:6:430:Infinity:undefined:undefined:undefined:undefined":44,"s:422:6:430:Infinity":150,"s:423:8:429:Infinity":151,"s:434:22:434:Infinity":152,"b:434:47:434:63:434:63:434:Infinity":45,"b:435:6:443:Infinity:undefined:undefined:undefined:undefined":46,"s:435:6:443:Infinity":153,"s:436:8:442:Infinity":154,"s:444:6:444:Infinity":155,"s:445:6:445:Infinity":156,"b:450:2:472:Infinity:undefined:undefined:undefined:undefined":47,"s:450:2:472:Infinity":157,"b:450:6:450:37:450:37:450:64":48,"s:451:4:471:Infinity":158,"s:452:31:452:Infinity":159,"s:453:6:453:Infinity":160,"b:456:6:464:Infinity:undefined:undefined:undefined:undefined":49,"s:456:6:464:Infinity":161,"s:457:8:463:Infinity":162,"s:466:6:468:Infinity":163,"f:466:29:466:30":16,"s:467:8:467:Infinity":164,"s:470:6:470:Infinity":165,"s:473:2:473:Infinity":166,"s:474:2:474:Infinity":167}}}
,"C:\\Users\\ryanl\\ai\\elevenlabs-screenplay-formatter\\utils\\errorMessages.ts": {"path":"C:\\Users\\ryanl\\ai\\elevenlabs-screenplay-formatter\\utils\\errorMessages.ts","statementMap":{"0":{"start":{"line":16,"column":23},"end":{"line":16,"column":null}},"1":{"start":{"line":17,"column":23},"end":{"line":17,"column":null}},"2":{"start":{"line":20,"column":2},"end":{"line":31,"column":null}},"3":{"start":{"line":21,"column":4},"end":{"line":30,"column":null}},"4":{"start":{"line":34,"column":2},"end":{"line":45,"column":null}},"5":{"start":{"line":35,"column":4},"end":{"line":44,"column":null}},"6":{"start":{"line":48,"column":2},"end":{"line":59,"column":null}},"7":{"start":{"line":49,"column":4},"end":{"line":58,"column":null}},"8":{"start":{"line":62,"column":2},"end":{"line":73,"column":null}},"9":{"start":{"line":63,"column":4},"end":{"line":72,"column":null}},"10":{"start":{"line":76,"column":2},"end":{"line":87,"column":null}},"11":{"start":{"line":77,"column":4},"end":{"line":86,"column":null}},"12":{"start":{"line":90,"column":2},"end":{"line":103,"column":null}},"13":{"start":{"line":91,"column":27},"end":{"line":91,"column":null}},"14":{"start":{"line":92,"column":22},"end":{"line":92,"column":null}},"15":{"start":{"line":93,"column":4},"end":{"line":102,"column":null}},"16":{"start":{"line":106,"column":2},"end":{"line":118,"column":null}},"17":{"start":{"line":107,"column":4},"end":{"line":117,"column":null}},"18":{"start":{"line":121,"column":2},"end":{"line":132,"column":null}},"19":{"start":{"line":122,"column":4},"end":{"line":131,"column":null}},"20":{"start":{"line":135,"column":2},"end":{"line":146,"column":null}},"21":{"start":{"line":136,"column":4},"end":{"line":145,"column":null}},"22":{"start":{"line":149,"column":2},"end":{"line":158,"column":null}},"23":{"start":{"line":165,"column":18},"end":{"line":165,"column":null}},"24":{"start":{"line":166,"column":2},"end":{"line":166,"column":null}},"25":{"start":{"line":166,"column":108},"end":{"line":166,"column":129}},"26":{"start":{"line":173,"column":18},"end":{"line":173,"column":null}},"27":{"start":{"line":174,"column":2},"end":{"line":174,"column":null}},"28":{"start":{"line":175,"column":2},"end":{"line":177,"column":null}},"29":{"start":{"line":176,"column":4},"end":{"line":176,"column":null}},"30":{"start":{"line":178,"column":2},"end":{"line":180,"column":null}},"31":{"start":{"line":179,"column":4},"end":{"line":179,"column":null}}},"fnMap":{"0":{"name":"getUserFriendlyError","decl":{"start":{"line":15,"column":16},"end":{"line":15,"column":37}},"loc":{"start":{"line":15,"column":85},"end":{"line":159,"column":null}},"line":15},"1":{"name":"formatErrorForToast","decl":{"start":{"line":164,"column":16},"end":{"line":164,"column":36}},"loc":{"start":{"line":164,"column":78},"end":{"line":167,"column":null}},"line":164},"2":{"name":"(anonymous_2)","decl":{"start":{"line":166,"column":93},"end":{"line":166,"column":94}},"loc":{"start":{"line":166,"column":108},"end":{"line":166,"column":129}},"line":166},"3":{"name":"logErrorWithContext","decl":{"start":{"line":172,"column":16},"end":{"line":172,"column":36}},"loc":{"start":{"line":172,"column":76},"end":{"line":181,"column":null}},"line":172}},"branchMap":{"0":{"loc":{"start":{"line":16,"column":23},"end":{"line":16,"column":null}},"type":"cond-expr","locations":[{"start":{"line":16,"column":48},"end":{"line":16,"column":64}},{"start":{"line":16,"column":64},"end":{"line":16,"column":null}}],"line":16},"1":{"loc":{"start":{"line":20,"column":2},"end":{"line":31,"column":null}},"type":"if","locations":[{"start":{"line":20,"column":2},"end":{"line":31,"column":null}},{"start":{},"end":{}}],"line":20},"2":{"loc":{"start":{"line":20,"column":6},"end":{"line":20,"column":121}},"type":"binary-expr","locations":[{"start":{"line":20,"column":6},"end":{"line":20,"column":38}},{"start":{"line":20,"column":38},"end":{"line":20,"column":79}},{"start":{"line":20,"column":79},"end":{"line":20,"column":121}}],"line":20},"3":{"loc":{"start":{"line":34,"column":2},"end":{"line":45,"column":null}},"type":"if","locations":[{"start":{"line":34,"column":2},"end":{"line":45,"column":null}},{"start":{},"end":{}}],"line":34},"4":{"loc":{"start":{"line":34,"column":6},"end":{"line":34,"column":121}},"type":"binary-expr","locations":[{"start":{"line":34,"column":6},"end":{"line":34,"column":38}},{"start":{"line":34,"column":38},"end":{"line":34,"column":77}},{"start":{"line":34,"column":77},"end":{"line":34,"column":121}}],"line":34},"5":{"loc":{"start":{"line":48,"column":2},"end":{"line":59,"column":null}},"type":"if","locations":[{"start":{"line":48,"column":2},"end":{"line":59,"column":null}},{"start":{},"end":{}}],"line":48},"6":{"loc":{"start":{"line":48,"column":6},"end":{"line":48,"column":124}},"type":"binary-expr","locations":[{"start":{"line":48,"column":6},"end":{"line":48,"column":40}},{"start":{"line":48,"column":40},"end":{"line":48,"column":77}},{"start":{"line":48,"column":77},"end":{"line":48,"column":124}}],"line":48},"7":{"loc":{"start":{"line":62,"column":2},"end":{"line":73,"column":null}},"type":"if","locations":[{"start":{"line":62,"column":2},"end":{"line":73,"column":null}},{"start":{},"end":{}}],"line":62},"8":{"loc":{"start":{"line":62,"column":6},"end":{"line":62,"column":117}},"type":"binary-expr","locations":[{"start":{"line":62,"column":6},"end":{"line":62,"column":42}},{"start":{"line":62,"column":42},"end":{"line":62,"column":83}},{"start":{"line":62,"column":83},"end":{"line":62,"column":117}}],"line":62},"9":{"loc":{"start":{"line":76,"column":2},"end":{"line":87,"column":null}},"type":"if","locations":[{"start":{"line":76,"column":2},"end":{"line":87,"column":null}},{"start":{},"end":{}}],"line":76},"10":{"loc":{"start":{"line":76,"column":6},"end":{"line":76,"column":130}},"type":"binary-expr","locations":[{"start":{"line":76,"column":6},"end":{"line":76,"column":48}},{"start":{"line":76,"column":48},"end":{"line":76,"column":91}},{"start":{"line":76,"column":91},"end":{"line":76,"column":130}}],"line":76},"11":{"loc":{"start":{"line":90,"column":2},"end":{"line":103,"column":null}},"type":"if","locations":[{"start":{"line":90,"column":2},"end":{"line":103,"column":null}},{"start":{},"end":{}}],"line":90},"12":{"loc":{"start":{"line":92,"column":22},"end":{"line":92,"column":null}},"type":"cond-expr","locations":[{"start":{"line":92,"column":39},"end":{"line":92,"column":59}},{"start":{"line":92,"column":59},"end":{"line":92,"column":null}}],"line":92},"13":{"loc":{"start":{"line":106,"column":2},"end":{"line":118,"column":null}},"type":"if","locations":[{"start":{"line":106,"column":2},"end":{"line":118,"column":null}},{"start":{},"end":{}}],"line":106},"14":{"loc":{"start":{"line":106,"column":6},"end":{"line":106,"column":87}},"type":"binary-expr","locations":[{"start":{"line":106,"column":6},"end":{"line":106,"column":53}},{"start":{"line":106,"column":53},"end":{"line":106,"column":87}}],"line":106},"15":{"loc":{"start":{"line":121,"column":2},"end":{"line":132,"column":null}},"type":"if","locations":[{"start":{"line":121,"column":2},"end":{"line":132,"column":null}},{"start":{},"end":{}}],"line":121},"16":{"loc":{"start":{"line":135,"column":2},"end":{"line":146,"column":null}},"type":"if","locations":[{"start":{"line":135,"column":2},"end":{"line":146,"column":null}},{"start":{},"end":{}}],"line":135},"17":{"loc":{"start":{"line":135,"column":6},"end":{"line":135,"column":100}},"type":"binary-expr","locations":[{"start":{"line":135,"column":6},"end":{"line":135,"column":38}},{"start":{"line":135,"column":38},"end":{"line":135,"column":70}},{"start":{"line":135,"column":70},"end":{"line":135,"column":100}}],"line":135},"18":{"loc":{"start":{"line":150,"column":11},"end":{"line":150,"column":null}},"type":"binary-expr","locations":[{"start":{"line":150,"column":11},"end":{"line":150,"column":22}},{"start":{"line":150,"column":22},"end":{"line":150,"column":null}}],"line":150},"19":{"loc":{"start":{"line":151,"column":13},"end":{"line":151,"column":null}},"type":"binary-expr","locations":[{"start":{"line":151,"column":13},"end":{"line":151,"column":29}},{"start":{"line":151,"column":29},"end":{"line":151,"column":null}}],"line":151},"20":{"loc":{"start":{"line":166,"column":72},"end":{"line":166,"column":147}},"type":"binary-expr","locations":[{"start":{"line":166,"column":72},"end":{"line":166,"column":145}},{"start":{"line":166,"column":145},"end":{"line":166,"column":147}}],"line":166},"21":{"loc":{"start":{"line":175,"column":2},"end":{"line":177,"column":null}},"type":"if","locations":[{"start":{"line":175,"column":2},"end":{"line":177,"column":null}},{"start":{},"end":{}}],"line":175},"22":{"loc":{"start":{"line":178,"column":2},"end":{"line":180,"column":null}},"type":"if","locations":[{"start":{"line":178,"column":2},"end":{"line":180,"column":null}},{"start":{},"end":{}}],"line":178}},"s":{"0":6,"1":6,"2":6,"3":1,"4":5,"5":1,"6":4,"7":0,"8":4,"9":1,"10":3,"11":0,"12":3,"13":1,"14":1,"15":1,"16":2,"17":0,"18":2,"19":1,"20":1,"21":0,"22":1,"23":1,"24":1,"25":4,"26":1,"27":1,"28":1,"29":1,"30":1,"31":1},"f":{"0":6,"1":1,"2":4,"3":1},"b":{"0":[3,3],"1":[1,5],"2":[6,5,5],"3":[1,4],"4":[5,4,4],"5":[0,4],"6":[4,4,4],"7":[1,3],"8":[4,3,3],"9":[0,3],"10":[3,3,3],"11":[1,2],"12":[1,0],"13":[0,2],"14":[2,2],"15":[1,1],"16":[0,1],"17":[1,1,1],"18":[1,0],"19":[6,0],"20":[1,0],"21":[1,0],"22":[1,0]},"meta":{"lastBranch":23,"lastFunction":4,"lastStatement":32,"seen":{"f:15:16:15:37":0,"s:16:23:16:Infinity":0,"b:16:48:16:64:16:64:16:Infinity":0,"s:17:23:17:Infinity":1,"b:20:2:31:Infinity:undefined:undefined:undefined:undefined":1,"s:20:2:31:Infinity":2,"b:20:6:20:38:20:38:20:79:20:79:20:121":2,"s:21:4:30:Infinity":3,"b:34:2:45:Infinity:undefined:undefined:undefined:undefined":3,"s:34:2:45:Infinity":4,"b:34:6:34:38:34:38:34:77:34:77:34:121":4,"s:35:4:44:Infinity":5,"b:48:2:59:Infinity:undefined:undefined:undefined:undefined":5,"s:48:2:59:Infinity":6,"b:48:6:48:40:48:40:48:77:48:77:48:124":6,"s:49:4:58:Infinity":7,"b:62:2:73:Infinity:undefined:undefined:undefined:undefined":7,"s:62:2:73:Infinity":8,"b:62:6:62:42:62:42:62:83:62:83:62:117":8,"s:63:4:72:Infinity":9,"b:76:2:87:Infinity:undefined:undefined:undefined:undefined":9,"s:76:2:87:Infinity":10,"b:76:6:76:48:76:48:76:91:76:91:76:130":10,"s:77:4:86:Infinity":11,"b:90:2:103:Infinity:undefined:undefined:undefined:undefined":11,"s:90:2:103:Infinity":12,"s:91:27:91:Infinity":13,"s:92:22:92:Infinity":14,"b:92:39:92:59:92:59:92:Infinity":12,"s:93:4:102:Infinity":15,"b:106:2:118:Infinity:undefined:undefined:undefined:undefined":13,"s:106:2:118:Infinity":16,"b:106:6:106:53:106:53:106:87":14,"s:107:4:117:Infinity":17,"b:121:2:132:Infinity:undefined:undefined:undefined:undefined":15,"s:121:2:132:Infinity":18,"s:122:4:131:Infinity":19,"b:135:2:146:Infinity:undefined:undefined:undefined:undefined":16,"s:135:2:146:Infinity":20,"b:135:6:135:38:135:38:135:70:135:70:135:100":17,"s:136:4:145:Infinity":21,"s:149:2:158:Infinity":22,"b:150:11:150:22:150:22:150:Infinity":18,"b:151:13:151:29:151:29:151:Infinity":19,"f:164:16:164:36":1,"s:165:18:165:Infinity":23,"s:166:2:166:Infinity":24,"b:166:72:166:145:166:145:166:147":20,"f:166:93:166:94":2,"s:166:108:166:129":25,"f:172:16:172:36":3,"s:173:18:173:Infinity":26,"s:174:2:174:Infinity":27,"b:175:2:177:Infinity:undefined:undefined:undefined:undefined":21,"s:175:2:177:Infinity":28,"s:176:4:176:Infinity":29,"b:178:2:180:Infinity:undefined:undefined:undefined:undefined":22,"s:178:2:180:Infinity":30,"s:179:4:179:Infinity":31}}}
,"C:\\Users\\ryanl\\ai\\elevenlabs-screenplay-formatter\\utils\\progressPersistence.ts": {"path":"C:\\Users\\ryanl\\ai\\elevenlabs-screenplay-formatter\\utils\\progressPersistence.ts","statementMap":{"0":{"start":{"line":19,"column":21},"end":{"line":19,"column":null}},"1":{"start":{"line":20,"column":27},"end":{"line":20,"column":null}},"2":{"start":{"line":26,"column":2},"end":{"line":31,"column":null}},"3":{"start":{"line":27,"column":16},"end":{"line":27,"column":null}},"4":{"start":{"line":28,"column":4},"end":{"line":28,"column":null}},"5":{"start":{"line":30,"column":4},"end":{"line":30,"column":null}},"6":{"start":{"line":39,"column":2},"end":{"line":60,"column":null}},"7":{"start":{"line":40,"column":16},"end":{"line":40,"column":null}},"8":{"start":{"line":41,"column":19},"end":{"line":41,"column":null}},"9":{"start":{"line":43,"column":4},"end":{"line":45,"column":null}},"10":{"start":{"line":44,"column":6},"end":{"line":44,"column":null}},"11":{"start":{"line":47,"column":46},"end":{"line":47,"column":null}},"12":{"start":{"line":50,"column":16},"end":{"line":50,"column":null}},"13":{"start":{"line":51,"column":4},"end":{"line":54,"column":null}},"14":{"start":{"line":52,"column":6},"end":{"line":52,"column":null}},"15":{"start":{"line":53,"column":6},"end":{"line":53,"column":null}},"16":{"start":{"line":56,"column":4},"end":{"line":56,"column":null}},"17":{"start":{"line":58,"column":4},"end":{"line":58,"column":null}},"18":{"start":{"line":59,"column":4},"end":{"line":59,"column":null}},"19":{"start":{"line":67,"column":2},"end":{"line":72,"column":null}},"20":{"start":{"line":68,"column":16},"end":{"line":68,"column":null}},"21":{"start":{"line":69,"column":4},"end":{"line":69,"column":null}},"22":{"start":{"line":71,"column":4},"end":{"line":71,"column":null}},"23":{"start":{"line":82,"column":19},"end":{"line":82,"column":null}},"24":{"start":{"line":83,"column":2},"end":{"line":86,"column":null}},"25":{"start":{"line":84,"column":4},"end":{"line":84,"column":null}},"26":{"start":{"line":85,"column":4},"end":{"line":85,"column":null}},"27":{"start":{"line":88,"column":43},"end":{"line":92,"column":null}},"28":{"start":{"line":94,"column":2},"end":{"line":94,"column":null}},"29":{"start":{"line":101,"column":19},"end":{"line":101,"column":null}},"30":{"start":{"line":102,"column":2},"end":{"line":104,"column":null}},"31":{"start":{"line":111,"column":2},"end":{"line":111,"column":null}},"32":{"start":{"line":111,"column":34},"end":{"line":111,"column":null}},"33":{"start":{"line":112,"column":2},"end":{"line":112,"column":null}},"34":{"start":{"line":119,"column":18},"end":{"line":119,"column":null}},"35":{"start":{"line":120,"column":20},"end":{"line":120,"column":null}},"36":{"start":{"line":122,"column":2},"end":{"line":124,"column":null}},"37":{"start":{"line":123,"column":4},"end":{"line":123,"column":null}},"38":{"start":{"line":126,"column":26},"end":{"line":126,"column":null}},"39":{"start":{"line":127,"column":22},"end":{"line":127,"column":null}},"40":{"start":{"line":129,"column":18},"end":{"line":129,"column":null}},"41":{"start":{"line":130,"column":18},"end":{"line":130,"column":null}},"42":{"start":{"line":132,"column":2},"end":{"line":134,"column":null}},"43":{"start":{"line":133,"column":4},"end":{"line":133,"column":null}},"44":{"start":{"line":135,"column":2},"end":{"line":135,"column":null}}},"fnMap":{"0":{"name":"saveProgress","decl":{"start":{"line":25,"column":16},"end":{"line":25,"column":29}},"loc":{"start":{"line":25,"column":98},"end":{"line":32,"column":null}},"line":25},"1":{"name":"loadProgress","decl":{"start":{"line":38,"column":16},"end":{"line":38,"column":29}},"loc":{"start":{"line":38,"column":89},"end":{"line":61,"column":null}},"line":38},"2":{"name":"clearProgress","decl":{"start":{"line":66,"column":16},"end":{"line":66,"column":30}},"loc":{"start":{"line":66,"column":64},"end":{"line":73,"column":null}},"line":66},"3":{"name":"updateProgress","decl":{"start":{"line":78,"column":16},"end":{"line":78,"column":null}},"loc":{"start":{"line":81,"column":8},"end":{"line":95,"column":null}},"line":81},"4":{"name":"hasResumableProgress","decl":{"start":{"line":100,"column":16},"end":{"line":100,"column":37}},"loc":{"start":{"line":100,"column":74},"end":{"line":105,"column":null}},"line":100},"5":{"name":"getProgressPercentage","decl":{"start":{"line":110,"column":16},"end":{"line":110,"column":38}},"loc":{"start":{"line":110,"column":81},"end":{"line":113,"column":null}},"line":110},"6":{"name":"estimateTimeRemaining","decl":{"start":{"line":118,"column":16},"end":{"line":118,"column":38}},"loc":{"start":{"line":118,"column":81},"end":{"line":136,"column":null}},"line":118}},"branchMap":{"0":{"loc":{"start":{"line":25,"column":64},"end":{"line":25,"column":98}},"type":"default-arg","locations":[{"start":{"line":25,"column":81},"end":{"line":25,"column":98}}],"line":25},"1":{"loc":{"start":{"line":38,"column":29},"end":{"line":38,"column":89}},"type":"default-arg","locations":[{"start":{"line":38,"column":46},"end":{"line":38,"column":89}}],"line":38},"2":{"loc":{"start":{"line":43,"column":4},"end":{"line":45,"column":null}},"type":"if","locations":[{"start":{"line":43,"column":4},"end":{"line":45,"column":null}},{"start":{},"end":{}}],"line":43},"3":{"loc":{"start":{"line":51,"column":4},"end":{"line":54,"column":null}},"type":"if","locations":[{"start":{"line":51,"column":4},"end":{"line":54,"column":null}},{"start":{},"end":{}}],"line":51},"4":{"loc":{"start":{"line":66,"column":30},"end":{"line":66,"column":64}},"type":"default-arg","locations":[{"start":{"line":66,"column":47},"end":{"line":66,"column":64}}],"line":66},"5":{"loc":{"start":{"line":79,"column":2},"end":{"line":79,"column":null}},"type":"default-arg","locations":[{"start":{"line":79,"column":19},"end":{"line":79,"column":null}}],"line":79},"6":{"loc":{"start":{"line":83,"column":2},"end":{"line":86,"column":null}},"type":"if","locations":[{"start":{"line":83,"column":2},"end":{"line":86,"column":null}},{"start":{},"end":{}}],"line":83},"7":{"loc":{"start":{"line":100,"column":37},"end":{"line":100,"column":74}},"type":"default-arg","locations":[{"start":{"line":100,"column":54},"end":{"line":100,"column":74}}],"line":100},"8":{"loc":{"start":
[...]
,"C:\\Users\\ryanl\\ai\\elevenlabs-screenplay-formatter\\utils\\scriptGenerator.ts": {"path":"C:\\Users\\ryanl\\ai\\elevenlabs-screenplay-formatter\\utils\\scriptGenerator.ts","statementMap":{"0":{"start":{"line":8,"column":40},"end":{"line":41,"column":null}},"1":{"start":{"line":14,"column":22},"end":{"line":35,"column":null}},"2":{"start":{"line":15,"column":19},"end":{"line":15,"column":null}},"3":{"start":{"line":17,"column":4},"end":{"line":19,"column":null}},"4":{"start":{"line":18,"column":6},"end":{"line":18,"column":null}},"5":{"start":{"line":21,"column":4},"end":{"line":34,"column":null}},"6":{"start":{"line":38,"column":21},"end":{"line":38,"column":null}},"7":{"start":{"line":40,"column":2},"end":{"line":40,"column":null}},"8":{"start":{"line":43,"column":27},"end":{"line":119,"column":null}},"9":{"start":{"line":44,"column":15},"end":{"line":58,"column":null}},"10":{"start":{"line":64,"column":2},"end":{"line":86,"column":null}},"11":{"start":{"line":65,"column":21},"end":{"line":65,"column":null}},"12":{"start":{"line":67,"column":4},"end":{"line":67,"column":null}},"13":{"start":{"line":68,"column":4},"end":{"line":68,"column":null}},"14":{"start":{"line":69,"column":4},"end":{"line":69,"column":null}},"15":{"start":{"line":70,"column":4},"end":{"line":70,"column":null}},"16":{"start":{"line":71,"column":4},"end":{"line":71,"column":null}},"17":{"start":{"line":72,"column":4},"end":{"line":72,"column":null}},"18":{"start":{"line":73,"column":4},"end":{"line":77,"column":null}},"19":{"start":{"line":78,"column":4},"end":{"line":78,"column":null}},"20":{"start":{"line":80,"column":4},"end":{"line":80,"column":null}},"21":{"start":{"line":81,"column":4},"end":{"line":81,"column":null}},"22":{"start":{"line":82,"column":4},"end":{"line":82,"column":null}},"23":{"start":{"line":83,"column":4},"end":{"line":83,"column":null}},"24":{"start":{"line":84,"column":4},"end":{"line":84,"column":null}},"25":{"start":{"line":85,"column":4},"end":{"line":85,"column":null}},"26":{"start":{"line":88,"column":2},"end":{"line":111,"column":null}},"27":{"start":{"line":89,"column":4},"end":{"line":89,"column":null}},"28":{"start":{"line":90,"column":4},"end":{"line":90,"column":null}},"29":{"start":{"line":91,"column":4},"end":{"line":91,"column":null}},"30":{"start":{"line":92,"column":4},"end":{"line":92,"column":null}},"31":{"start":{"line":93,"column":4},"end":{"line":93,"column":null}},"32":{"start":{"line":94,"column":4},"end":{"line":94,"column":null}},"33":{"start":{"line":95,"column":4},"end":{"line":95,"column":null}},"34":{"start":{"line":96,"column":4},"end":{"line":96,"column":null}},"35":{"start":{"line":97,"column":4},"end":{"line":97,"column":null}},"36":{"start":{"line":98,"column":4},"end":{"line":98,"column":null}},"37":{"start":{"line":99,"column":4},"end":{"line":99,"column":null}},"38":{"start":{"line":100,"column":4},"end":{"line":100,"column":null}},"39":{"start":{"line":101,"column":4},"end":{"line":101,"column":null}},"40":{"start":{"line":102,"column":4},"end":{"line":102,"column":null}},"41":{"start":{"line":103,"column":4},"end":{"line":103,"column":null}},"42":{"start":{"line":104,"column":4},"end":{"line":104,"column":null}},"43":{"start":{"line":105,"column":4},"end":{"line":105,"column":null}},"44":{"start":{"line":106,"column":4},"end":{"line":106,"column":null}},"45":{"start":{"line":107,"column":4},"end":{"line":107,"column":null}},"46":{"start":{"line":108,"column":4},"end":{"line":108,"column":null}},"47":{"start":{"line":109,"column":4},"end":{"line":109,"column":null}},"48":{"start":{"line":110,"column":4},"end":{"line":110,"column":null}},"49":{"start":{"line":113,"column":2},"end":{"line":113,"column":null}},"50":{"start":{"line":114,"column":2},"end":{"line":114,"column":null}},"51":{"start":{"line":115,"column":2},"end":{"line":115,"column":null}},"52":{"start":{"line":116,"column":2},"end":{"line":116,"column":null}},"53":{"start":{"line":118,"column":2},"end":{"line":118,"column":null}},"54":{"start":{"line":121,"column":37},"end":{"line":155,"column":null}},"55":{"start":{"line":126,"column":27},"end":{"line":126,"column":null}},"56":{"start":{"line":128,"column":2},"end":{"line":130,"column":null}},"57":{"start":{"line":129,"column":4},"end":{"line":129,"column":null}},"58":{"start":{"line":132,"column":2},"end":{"line":134,"column":null}},"59":{"start":{"line":133,"column":4},"end":{"line":133,"column":null}},"60":{"start":{"line":137,"column":31},"end":{"line":137,"column":null}},"61":{"start":{"line":137,"column":67},"end":{"line":137,"column":82}},"62":{"start":{"line":138,"column":36},"end":{"line":138,"column":null}},"63":{"start":{"line":140,"column":2},"end":{"line":145,"column":null}},"64":{"start":{"line":141,"column":19},"end":{"line":141,"column":null}},"65":{"start":{"line":142,"column":4},"end":{"line":144,"column":null}},"66":{"start":{"line":143,"column":6},"end":{"line":143,"column":null}},"67":{"start":{"line":147,"column":2},"end":{"line":149,"column":null}},"68":{"start":{"line":148,"column":4},"end":{"line":148,"column":null}},"69":{"start":{"line":151,"column":2},"end":{"line":154,"column":null}}},"fnMap":{"0":{"name":"(anonymous_0)","decl":{"start":{"line":8,"column":40},"end":{"line":8,"column":null}},"loc":{"start":{"line":13,"column":22},"end":{"line":41,"column":null}},"line":13},"1":{"name":"(anonymous_1)","decl":{"start":{"line":14,"column":41},"end":{"line":14,"column":42}},"loc":{"start":{"line":14,"column":59},"end":{"line":35,"column":3}},"line":14},"2":{"name":"(anonymous_2)","decl":{"start":{"line":43,"column":27},"end":{"line":43,"column":28}},"loc":{"start":{"line":43,"column":93},"end":{"line":119,"column":null}},"line":43},"3":{"name":"(anonymous_3)","decl":{"start":{"line":64,"column":18},"end":{"line":64,"column":19}},"loc":{"start":{"line":64,"column":28},"end":{"line":86,"column":3}},"line":64},"4":{"name":"(anonymous_4)","decl":{"start":{"line":121,"column":37},"end":{"line":121,"column":null}},"loc":{"start":{"line":125,"column":43},"end":{"line":155,"column":null}},"line":125},"5":{"name":"(anonymous_5)","decl":{"start":{"line":137,"column":58},"end":{"line":137,"column":67}},"loc":{"start":{"line":137,"column":67},"end":{"line":137,"column":82}},"line":137},"6":{"name":"(anonymous_6)","decl":{"start":{"line":140,"column":31},"end":{"line":140,"column":44}},"loc":{"start":{"line":140,"column":44},"end":{"line":145,"column":3}},"line":140}},"branchMap":{"0":{"loc":{"start":{"line":17,"column":4},"end":{"line":19,"column":null}},"type":"if","locations":[{"start":{"line":17,"column":4},"end":{"line":19,"column":null}},{"start":{},"end":{}}],"line":17},"1":{"loc":{"start":{"line":17,"column":8},"end":{"line":17,"column":36}},"type":"binary-expr","locations":[{"start":{"line":17,"column":8},"end":{"line":17,"column":19}},{"start":{"line":17,"column":19},"end":{"line":17,"column":36}}],"line":17},"2":{"loc":{"start":{"line":30,"column":15},"end":{"line":30,"column":null}},"type":"binary-expr","locations":[{"start":{"line":30,"column":15},"end":{"line":30,"column":45}},{"start":{"line":30,"column":45},"end":{"line":30,"column":null}}],"line":30},"3":{"loc":{"start":{"line":88,"column":2},"end":{"line":111,"column":null}},"type":"if","locations":[{"start":{"line":88,"column":2},"end":{"line":111,"column":null}},{"start":{},"end":{}}],"line":88},"4":{"loc":{"start":{"line":88,"column":6},"end":{"line":88,"column":41}},"type":"binary-expr","locations":[{"start":{"line":88,"column":6},"end":{"line":88,"column":21}},{"start":{"line":88,"column":21},"end":{"line":88,"column":41}}],"line":88},"5":{"loc":{"start":{"line":128,"column":2},"end":{"line":130,"column":null}},"type":"if","locations":[{"start":{"line":128,"column":2},"end":{"line":130,"column":null}},{"start":{},"end":{}}],"line":128},"6":{"loc":{"start":{"line":128,"column":6},"end":{"line":128,"column":39}},"type":"binary-expr","locations":[{"start":{"line":128,"column":6},"end":{"line":128,"column":17}},{"start":{"line":128,"column":17},"end":{"line":128,"column":39}}],"line":128},"7":{"loc":{"start":{"line":132,"column":2},"end":{"line":134,"column":null}},"type":"if","locations":[{"start":{"line":132,"column":2},"end":{"line":134,"column":null}},{"start":{},"end":{}}],"line":132},"8":{"loc":{"start":{"line":142,"column":4},"end":{"line":144,"column":null}},"type":"if","locations":[{"start":{"line":142,"column":4},"end":{"line":144,"column":null}},{"start":{},"end":{}}],"line":142},"9":{"loc":{"start":{"line":142,"column":8},"end":{"line":142,"column":68}},"type":"binary-expr","locations":[{"start":{"line":142,"column":8},"end":{"line":142,"column":19}},{"start":{"line":142,"column":19},"end":{"line":142,"column":38}},{"start":{"line":142,"column":38},"end":{"line":142,"column":68}}],"line":142},"10":{"loc":{"start":{"line":147,"column":2},"end":{"line":149,"column":null}},"type":"if","locations":[{"start":{"line":147,"column":2},"end":{"line":149,"column":null}},{"start":{},"end":{}}],"line":147}},"s":{"0":1,"1":2,"2":4,"3":4,"4":1,"5":3,"6":2,"7":2,"8":1,"9":2,"10":2,"11":3,"12":3,"13":3,"14":3,"15":3,"16":3,"17":3,"18":3,"19":3,"20":3,"21":3,"22":3,"23":3,"24":3,"25":3,"26":2,"27":1,"28":1,"29":1,"30":1,"31":1,"32":1,"33":1,"34":1,"35":1,"36":1,"37":1,"38":1,"39":1,"40":1,"41":1,"42":1,"43":1,"44":1,"45":1,"46":1,"47":1,"48":1,"49":2,"50":2,"51":2,"52":2,"53":2,"54":1,"55":3,"56":3,"57":1,"58":3,"59":1,"60":3,"61":4,"62":3,"63":3,"64":4,"65":4,"66":2,"67":3,"68":1,"69":3},"f":{"0":2,"1":4,"2":2,"3":3,"4":3,"5":4,"6":4},"b":{"0":[1,3],"1":[4,3],"2":[3,0],"3":[1,1],"4":[2,2],"5":[1,2],"6":[3,2],"7":[1,2],"8":[2,2],"9":[4,2,2],"10":[1,2]},"meta":{"lastBranch":11,"lastFunction":7,"lastStatement":70,"seen":{"s:8:40:41:Infinity":0,"f:8:40:8:Infinity":0,"s:14:22:35:Infinity":1,"f:14:41:14:42":1,"s:15:19:15:Infinity":2,"b:17:4:19:Infinity:undefined:undefined:undefined:undefined":0,"s:17:4:19:Infinity":3,"b:17:8:17:19:17:19:17:36":1,"s:18:6:18:Infinity":4,"s:21:4:34:Infinity":5,"b:30:15:30:45:30:45:30:Infinity":2,"s:38:21:38:Infinity":6,"s:40:2:40:Infinity":7,"s:43:27:119:Infinity":8,"f:43:27:43:28":2,"s:44:15:58:Infinity":9,"s:64:2:86:Infinity":10,"f:64:18:64:19":3,"s:65:21:65:Infinity":11,"s:67:4:67:Infinity":12,"s:68:4:68:Infinity":13,"s:69:4:69:Infinity":14,"s:70:4:70:Infinity":15,"s:71:4:71:Infinity":16,"s:72:4:72:Infinity":17,"s:73:4:77:Infinity":18,"s:78:4:78:Infinity":19,"s:80:4:80:Infinity":20,"s:81:4:81:Infinity":21,"s:82:4:82:Infinity":22,"s:83:4:83:Infinity":23,"s:84:4:84:Infinity":24,"s:85:4:85:Infinity":25,"b:88:2:111:Infinity:undefined:undefined:undefined:undefined":3,"s:88:2:111:Infinity":26,"b:88:6:88:21:88:21:88:41":4,"s:89:4:89:Infinity":27,"s:90:4:90:Infinity":28,"s:91:4:91:Infinity":29,"s:92:4:92:Infinity":30,"s:93:4:93:Infinity":31,"s:94:4:94:Infinity":32,"s:95:4:95:Infinity":33,"s:96:4:96:Infinity":34,"s:97:4:97:Infinity":35,"s:98:4:98:Infinity":36,"s:99:4:99:Infinity":37,"s:100:4:100:Infinity":38,"s:101:4:101:Infinity":39,"s:102:4:102:Infinity":40,"s:103:4:103:Infinity":41,"s:104:4:104:Infinity":42,"s:105:4:105:Infinity":43,"s:106:4:106:Infinity":44,"s:107:4:107:Infinity":45,"s:108:4:108:Infinity":46,"s:109:4:109:Infinity":47,"s:110:4:110:Infinity":48,"s:113:2:113:Infinity":49,"s:114:2:114:Infinity":50,"s:115:2:115:Infinity":51,"s:116:2:116:Infinity":52,"s:118:2:118:Infinity":53,"s:121:37:155:Infinity":54,"f:121:37:121:Infinity":4,"s:126:27:126:Infinity":55,"b:128:2:130:Infinity:undefined:undefined:undefined:undefined":5,"s:128:2:130:Infinity":56,"b:128:6:128:17:128:17:128:39":6,"s:129:4:129:Infinity":57,"b:132:2:134:Infinity:undefined:undefined:undefined:undefined":7,"s:132:2:134:Infinity":58,"s:133:4:133:Infinity":59,"s:137:31:137:Infinity":60,"f:137:58:137:67":5,"s:137:67:137:82":61,"s:138:36:138:Infinity":62,"s:140:2:145:Infinity":63,"f:140:31:140:44":6,"s:141:19:141:Infinity":64,"b:142:4:144:Infinity:undefined:undefined:undefined:undefined":8,"s:142:4:144:Infinity":65,"b:142:8:142:19:142:19:142:38:142:38:142:68":9,"s:143:6:143:Infinity":66,"b:147:2:149:Infinity:undefined:undefined:undefined:undefined":10,"s:147:2:149:Infinity":67,"s:148:4:148:Infinity":68,"s:151:2:154:Infinity":69}}}
,"C:\\Users\\ryanl\\ai\\elevenlabs-screenplay-formatter\\utils\\shareUtils.ts": {"path":"C:\\Users\\ryanl\\ai\\elevenlabs-screenplay-formatter\\utils\\shareUtils.ts","statementMap":{"0":{"start":{"line":10,"column":31},"end":{"line":13,"column":null}},"1":{"start":{"line":11,"column":21},"end":{"line":11,"column":null}},"2":{"start":{"line":12,"column":2},"end":{"line":12,"column":null}},"3":{"start":{"line":15,"column":33},"end":{"line":23,"column":null}},"4":{"start":{"line":16,"column":2},"end":{"line":22,"column":null}},"5":{"start":{"line":17,"column":23},"end":{"line":17,"column":null}},"6":{"start":{"line":18,"column":4},"end":{"line":18,"column":null}},"7":{"start":{"line":20,"column":4},"end":{"line":20,"column":null}},"8":{"start":{"line":21,"column":4},"end":{"line":21,"column":null}}},"fnMap":{"0":{"name":"(anonymous_0)","decl":{"start":{"line":10,"column":31},"end":{"line":10,"column":32}},"loc":{"start":{"line":10,"column":66},"end":{"line":13,"column":null}},"line":10},"1":{"name":"(anonymous_1)","decl":{"start":{"line":15,"column":33},"end":{"line":15,"column":34}},"loc":{"start":{"line":15,"column":82},"end":{"line":23,"column":null}},"line":15}},"branchMap":{},"s":{"0":1,"1":2,"2":2,"3":1,"4":3,"5":3,"6":3,"7":2,"8":2},"f":{"0":2,"1":3},"b":{},"meta":{"lastBranch":0,"lastFunction":2,"lastStatement":9,"seen":{"s:10:31:13:Infinity":0,"f:10:31:10:32":0,"s:11:21:11:Infinity":1,"s:12:2:12:Infinity":2,"s:15:33:23:Infinity":3,"f:15:33:15:34":1,"s:16:2:22:Infinity":4,"s:17:23:17:Infinity":5,"s:18:4:18:Infinity":6,"s:20:4:20:Infinity":7,"s:21:4:21:Infinity":8}}}
,"C:\\Users\\ryanl\\ai\\elevenlabs-screenplay-formatter\\utils\\subtitleGenerator.ts": {"path":"C:\\Users\\ryanl\\ai\\elevenlabs-screenplay-formatter\\utils\\subtitleGenerator.ts","statementMap":{"0":{"start":{"line":3,"column":29},"end":{"line":15,"column":null}},"1":{"start":{"line":4,"column":28},"end":{"line":4,"column":null}},"2":{"start":{"line":5,"column":14},"end":{"line":5,"column":null}},"3":{"start":{"line":6,"column":15},"end":{"line":6,"column":null}},"4":{"start":{"line":7,"column":15},"end":{"line":7,"column":null}},"5":{"start":{"line":8,"column":13},"end":{"line":8,"column":null}},"6":{"start":{"line":9,"column":2},"end":{"line":14,"column":null}},"7":{"start":{"line":17,"column":19},"end":{"line":20,"column":null}},"8":{"start":{"line":18,"column":34},"end":{"line":18,"column":null}},"9":{"start":{"line":19,"column":2},"end":{"line":19,"column":null}},"10":{"start":{"line":22,"column":22},"end":{"line":25,"column":null}},"11":{"start":{"line":23,"column":34},"end":{"line":23,"column":null}},"12":{"start":{"line":24,"column":2},"end":{"line":24,"column":null}},"13":{"start":{"line":27,"column":31},"end":{"line":41,"column":null}},"14":{"start":{"line":28,"column":19},"end":{"line":28,"column":null}},"15":{"start":{"line":29,"column":17},"end":{"line":29,"column":null}},"16":{"start":{"line":31,"column":2},"end":{"line":38,"column":null}},"17":{"start":{"line":32,"column":4},"end":{"line":37,"column":null}},"18":{"start":{"line":33,"column":6},"end":{"line":33,"column":null}},"19":{"start":{"line":34,"column":6},"end":{"line":34,"column":null}},"20":{"start":{"line":35,"column":6},"end":{"line":35,"column":null}},"21":{"start":{"line":36,"column":6},"end":{"line":36,"column":null}},"22":{"start":{"line":40,"column":2},"end":{"line":40,"column":null}},"23":{"start":{"line":43,"column":31},"end":{"line":56,"column":null}},"24":{"start":{"line":44,"column":19},"end":{"line":44,"column":null}},"25":{"start":{"line":45,"column":17},"end":{"line":45,"column":null}},"26":{"start":{"line":47,"column":2},"end":{"line":53,"column":null}},"27":{"start":{"line":48,"column":4},"end":{"line":52,"column":null}},"28":{"start":{"line":49,"column":6},"end":{"line":49,"column":null}},"29":{"start":{"line":50,"column":6},"end":{"line":50,"column":null}},"30":{"start":{"line":51,"column":6},"end":{"line":51,"column":null}},"31":{"start":{"line":55,"column":2},"end":{"line":55,"column":null}}},"fnMap":{"0":{"name":"(anonymous_0)","decl":{"start":{"line":3,"column":29},"end":{"line":3,"column":30}},"loc":{"start":{"line":3,"column":50},"end":{"line":15,"column":null}},"line":3},"1":{"name":"(anonymous_1)","decl":{"start":{"line":17,"column":19},"end":{"line":17,"column":20}},"loc":{"start":{"line":17,"column":48},"end":{"line":20,"column":null}},"line":17},"2":{"name":"(anonymous_2)","decl":{"start":{"line":22,"column":22},"end":{"line":22,"column":23}},"loc":{"start":{"line":22,"column":51},"end":{"line":25,"column":null}},"line":22},"3":{"name":"(anonymous_3)","decl":{"start":{"line":27,"column":31},"end":{"line":27,"column":32}},"loc":{"start":{"line":27,"column":76},"end":{"line":41,"column":null}},"line":27},"4":{"name":"(anonymous_4)","decl":{"start":{"line":31,"column":25},"end":{"line":31,"column":34}},"loc":{"start":{"line":31,"column":34},"end":{"line":38,"column":3}},"line":31},"5":{"name":"(anonymous_5)","decl":{"start":{"line":43,"column":31},"end":{"line":43,"column":32}},"loc":{"start":{"line":43,"column":76},"end":{"line":56,"column":null}},"line":43},"6":{"name":"(anonymous_6)","decl":{"start":{"line":47,"column":25},"end":{"line":47,"column":34}},"loc":{"start":{"line":47,"column":34},"end":{"line":53,"column":3}},"line":47}},"branchMap":{"0":{"loc":{"start":{"line":32,"column":4},"end":{"line":37,"column":null}},"type":"if","locations":[{"start":{"line":32,"column":4},"end":{"line":37,"column":null}},{"start":{},"end":{}}],"line":32},"1":{"loc":{"start":{"line":32,"column":8},"end":{"line":32,"column":70}},"type":"binary-expr","locations":[{"start":{"line":32,"column":8},"end":{"line":32,"column":41}},{"start":{"line":32,"column":41},"end":{"line":32,"column":70}}],"line":32},"2":{"loc":{"start":{"line":48,"column":4},"end":{"line":52,"column":null}},"type":"if","locations":[{"start":{"line":48,"column":4},"end":{"line":52,"column":null}},{"start":{},"end":{}}],"line":48},"3":{"loc":{"start":{"line":48,"column":8},"end":{"line":48,"column":70}},"type":"binary-expr","locations":[{"start":{"line":48,"column":8},"end":{"line":48,"column":41}},{"start":{"line":48,"column":41},"end":{"line":48,"column":70}}],"line":48}},"s":{"0":1,"1":12,"2":12,"3":12,"4":12,"5":12,"6":12,"7":1,"8":6,"9":6,"10":1,"11":6,"12":6,"13":1,"14":2,"15":2,"16":2,"17":4,"18":3,"19":3,"20":3,"21":3,"22":2,"23":1,"24":2,"25":2,"26":2,"27":4,"28":3,"29":3,"30":3,"31":2},"f":{"0":12,"1":6,"2":6,"3":2,"4":4,"5":2,"6":4},"b":{"0":[3,1],"1":[4,3],"2":[3,1],"3":[4,3]},"meta":{"lastBranch":4,"lastFunction":7,"lastStatement":32,"seen":{"s:3:29:15:Infinity":0,"f:3:29:3:30":0,"s:4:28:4:Infinity":1,"s:5:14:5:Infinity":2,"s:6:15:6:Infinity":3,"s:7:15:7:Infinity":4,"s:8:13:8:Infinity":5,"s:9:2:14:Infinity":6,"s:17:19:20:Infinity":7,"f:17:19:17:20":1,"s:18:34:18:Infinity":8,"s:19:2:19:Infinity":9,"s:22:22:25:Infinity":10,"f:22:22:22:23":2,"s:23:34:23:Infinity":11,"s:24:2:24:Infinity":12,"s:27:31:41:Infinity":13,"f:27:31:27:32":3,"s:28:19:28:Infinity":14,"s:29:17:29:Infinity":15,"s:31:2:38:Infinity":16,"f:31:25:31:34":4,"b:32:4:37:Infinity:undefined:undefined:undefined:undefined":0,"s:32:4:37:Infinity":17,"b:32:8:32:41:32:41:32:70":1,"s:33:6:33:Infinity":18,"s:34:6:34:Infinity":19,"s:35:6:35:Infinity":20,"s:36:6:36:Infinity":21,"s:40:2:40:Infinity":22,"s:43:31:56:Infinity":23,"f:43:31:43:32":5,"s:44:19:44:Infinity":24,"s:45:17:45:Infinity":25,"s:47:2:53:Infinity":26,"f:47:25:47:34":6,"b:48:4:52:Infinity:undefined:undefined:undefined:undefined":2,"s:48:4:52:Infinity":27,"b:48:8:48:41:48:41:48:70":3,"s:49:6:49:Infinity":28,"s:50:6:50:Infinity":29,"s:51:6:51:Infinity":30,"s:55:2:55:Infinity":31}}}
}
